<?xml version="1.0" encoding="UTF-8"?>
<coverage generated="1665484106939" clover="3.2.0">
  <project timestamp="1665484106939" name="All files">
    <metrics statements="117" coveredstatements="110" conditionals="51" coveredconditionals="37" methods="31" coveredmethods="26" elements="199" coveredelements="173" complexity="0" loc="117" ncloc="117" packages="1" files="2" classes="2"/>
    <file name="SpaceBalancer.js" path="C:\kkn_folder\project\yegan\try\try 7\backend\src\models\SpaceBalancer.js">
      <metrics statements="66" coveredstatements="63" conditionals="16" coveredconditionals="14" methods="28" coveredmethods="25"/>
      <line num="2" count="6" type="stmt"/>
      <line num="3" count="6" type="stmt"/>
      <line num="8" count="6" type="stmt"/>
      <line num="18" count="0" type="stmt"/>
      <line num="20" count="0" type="stmt"/>
      <line num="30" count="61" type="stmt"/>
      <line num="40" count="5" type="stmt"/>
      <line num="47" count="5" type="stmt"/>
      <line num="55" count="1" type="stmt"/>
      <line num="56" count="1" type="stmt"/>
      <line num="57" count="1" type="stmt"/>
      <line num="66" count="222" type="stmt"/>
      <line num="76" count="22" type="stmt"/>
      <line num="87" count="2" type="stmt"/>
      <line num="96" count="2" type="stmt"/>
      <line num="98" count="2" type="cond" truecount="2" falsecount="0"/>
      <line num="99" count="1" type="stmt"/>
      <line num="102" count="2" type="stmt"/>
      <line num="103" count="2" type="stmt"/>
      <line num="104" count="2" type="stmt"/>
      <line num="106" count="2" type="cond" truecount="2" falsecount="0"/>
      <line num="107" count="1" type="stmt"/>
      <line num="109" count="1" type="stmt"/>
      <line num="120" count="1" type="stmt"/>
      <line num="129" count="1" type="stmt"/>
      <line num="130" count="1" type="stmt"/>
      <line num="141" count="8" type="stmt"/>
      <line num="145" count="62" type="stmt"/>
      <line num="154" count="64" type="stmt"/>
      <line num="162" count="4" type="stmt"/>
      <line num="163" count="4" type="cond" truecount="1" falsecount="1"/>
      <line num="164" count="4" type="stmt"/>
      <line num="175" count="4" type="stmt"/>
      <line num="185" count="2" type="stmt"/>
      <line num="197" count="5" type="stmt"/>
      <line num="199" count="107" type="stmt"/>
      <line num="209" count="2" type="stmt"/>
      <line num="218" count="1" type="stmt"/>
      <line num="219" count="2" type="stmt"/>
      <line num="231" count="5" type="stmt"/>
      <line num="232" count="5" type="stmt"/>
      <line num="233" count="107" type="cond" truecount="2" falsecount="0"/>
      <line num="234" count="54" type="stmt"/>
      <line num="237" count="5" type="stmt"/>
      <line num="245" count="0" type="stmt"/>
      <line num="257" count="62" type="cond" truecount="2" falsecount="0"/>
      <line num="258" count="4" type="stmt"/>
      <line num="262" count="62" type="cond" truecount="2" falsecount="0"/>
      <line num="263" count="4" type="stmt"/>
      <line num="267" count="62" type="stmt"/>
      <line num="269" count="62" type="stmt"/>
      <line num="271" count="62" type="stmt"/>
      <line num="272" count="65" type="stmt"/>
      <line num="276" count="62" type="cond" truecount="2" falsecount="0"/>
      <line num="277" count="61" type="stmt"/>
      <line num="278" count="61" type="stmt"/>
      <line num="279" count="61" type="stmt"/>
      <line num="282" count="61" type="stmt"/>
      <line num="285" count="1" type="cond" truecount="1" falsecount="1"/>
      <line num="286" count="1" type="stmt"/>
      <line num="287" count="1" type="stmt"/>
      <line num="292" count="1" type="stmt"/>
      <line num="293" count="1" type="stmt"/>
      <line num="296" count="1" type="stmt"/>
      <line num="298" count="62" type="stmt"/>
      <line num="302" count="1" type="stmt"/>
    </file>
    <file name="User.js" path="C:\kkn_folder\project\yegan\try\try 7\backend\src\models\User.js">
      <metrics statements="51" coveredstatements="47" conditionals="35" coveredconditionals="23" methods="3" coveredmethods="1"/>
      <line num="26" count="60" type="stmt"/>
      <line num="27" count="60" type="stmt"/>
      <line num="28" count="60" type="stmt"/>
      <line num="29" count="60" type="stmt"/>
      <line num="30" count="60" type="stmt"/>
      <line num="31" count="60" type="stmt"/>
      <line num="32" count="60" type="stmt"/>
      <line num="33" count="60" type="stmt"/>
      <line num="34" count="60" type="stmt"/>
      <line num="35" count="60" type="stmt"/>
      <line num="36" count="60" type="stmt"/>
      <line num="37" count="60" type="stmt"/>
      <line num="38" count="60" type="stmt"/>
      <line num="39" count="60" type="stmt"/>
      <line num="40" count="60" type="stmt"/>
      <line num="41" count="60" type="stmt"/>
      <line num="42" count="60" type="stmt"/>
      <line num="67" count="60" type="cond" truecount="2" falsecount="0"/>
      <line num="68" count="60" type="cond" truecount="2" falsecount="0"/>
      <line num="70" count="60" type="cond" truecount="2" falsecount="0"/>
      <line num="71" count="60" type="cond" truecount="2" falsecount="0"/>
      <line num="84" count="2" type="stmt"/>
      <line num="85" count="2" type="stmt"/>
      <line num="86" count="2" type="stmt"/>
      <line num="87" count="2" type="stmt"/>
      <line num="88" count="2" type="stmt"/>
      <line num="89" count="2" type="stmt"/>
      <line num="90" count="2" type="stmt"/>
      <line num="91" count="2" type="stmt"/>
      <line num="113" count="58" type="stmt"/>
      <line num="114" count="58" type="stmt"/>
      <line num="115" count="58" type="stmt"/>
      <line num="116" count="58" type="stmt"/>
      <line num="117" count="58" type="stmt"/>
      <line num="118" count="58" type="stmt"/>
      <line num="119" count="58" type="stmt"/>
      <line num="120" count="58" type="stmt"/>
      <line num="121" count="58" type="stmt"/>
      <line num="122" count="58" type="stmt"/>
      <line num="123" count="58" type="stmt"/>
      <line num="124" count="58" type="stmt"/>
      <line num="125" count="58" type="stmt"/>
      <line num="126" count="58" type="stmt"/>
      <line num="127" count="58" type="stmt"/>
      <line num="128" count="58" type="stmt"/>
      <line num="129" count="58" type="stmt"/>
      <line num="133" count="0" type="stmt"/>
      <line num="134" count="0" type="cond" truecount="0" falsecount="2"/>
      <line num="135" count="0" type="stmt"/>
      <line num="137" count="0" type="stmt"/>
      <line num="142" count="1" type="stmt"/>
    </file>
  </project>
</coverage>
