<?xml version="1.0" encoding="UTF-8"?>
<coverage generated="1666261624624" clover="3.2.0">
  <project timestamp="1666261624625" name="All files">
    <metrics statements="193" coveredstatements="144" conditionals="94" coveredconditionals="54" methods="54" coveredmethods="28" elements="341" coveredelements="226" complexity="0" loc="193" ncloc="193" packages="1" files="4" classes="4"/>
    <file name="DevConsole.js" path="C:\kkn_folder\project\yegan\try\try7\backend\src\models\DevConsole.js">
      <metrics statements="11" coveredstatements="3" conditionals="10" coveredconditionals="1" methods="8" coveredmethods="1"/>
      <line num="2" count="1" type="stmt"/>
      <line num="4" count="0" type="stmt"/>
      <line num="5" count="0" type="cond" truecount="0" falsecount="2"/>
      <line num="8" count="0" type="stmt"/>
      <line num="11" count="6" type="cond" truecount="1" falsecount="1"/>
      <line num="14" count="0" type="cond" truecount="0" falsecount="2"/>
      <line num="17" count="0" type="cond" truecount="0" falsecount="2"/>
      <line num="20" count="0" type="cond" truecount="0" falsecount="2"/>
      <line num="23" count="0" type="stmt"/>
      <line num="26" count="0" type="stmt"/>
      <line num="30" count="1" type="stmt"/>
    </file>
    <file name="ServerBalancer.js" path="C:\kkn_folder\project\yegan\try\try7\backend\src\models\ServerBalancer.js">
      <metrics statements="56" coveredstatements="41" conditionals="24" coveredconditionals="10" methods="17" coveredmethods="10"/>
      <line num="4" count="2" type="stmt"/>
      <line num="5" count="2" type="stmt"/>
      <line num="6" count="2" type="stmt"/>
      <line num="7" count="2" type="stmt"/>
      <line num="8" count="2" type="stmt"/>
      <line num="11" count="2" type="cond" truecount="1" falsecount="1"/>
      <line num="12" count="2" type="stmt"/>
      <line num="14" count="2" type="stmt"/>
      <line num="18" count="5" type="cond" truecount="1" falsecount="1"/>
      <line num="19" count="5" type="cond" truecount="1" falsecount="1"/>
      <line num="20" count="5" type="stmt"/>
      <line num="21" count="5" type="stmt"/>
      <line num="22" count="50" type="stmt"/>
      <line num="24" count="5" type="stmt"/>
      <line num="28" count="1" type="stmt"/>
      <line num="32" count="0" type="stmt"/>
      <line num="36" count="1212" type="stmt"/>
      <line num="37" count="1212" type="cond" truecount="1" falsecount="1"/>
      <line num="38" count="1212" type="stmt"/>
      <line num="42" count="604" type="stmt"/>
      <line num="43" count="604" type="cond" truecount="1" falsecount="1"/>
      <line num="44" count="604" type="stmt"/>
      <line num="48" count="604" type="stmt"/>
      <line num="49" count="604" type="cond" truecount="1" falsecount="1"/>
      <line num="57" count="604" type="cond" truecount="1" falsecount="1"/>
      <line num="59" count="0" type="stmt"/>
      <line num="61" count="604" type="cond" truecount="2" falsecount="0"/>
      <line num="62" count="603" type="stmt"/>
      <line num="64" count="1" type="stmt"/>
      <line num="65" count="1" type="stmt"/>
      <line num="66" count="1" type="stmt"/>
      <line num="68" count="604" type="stmt"/>
      <line num="72" count="0" type="stmt"/>
      <line num="73" count="0" type="cond" truecount="0" falsecount="2"/>
      <line num="81" count="0" type="cond" truecount="0" falsecount="2"/>
      <line num="82" count="0" type="stmt"/>
      <line num="87" count="0" type="stmt"/>
      <line num="88" count="0" type="cond" truecount="0" falsecount="2"/>
      <line num="96" count="0" type="stmt"/>
      <line num="100" count="7" type="stmt"/>
      <line num="101" count="70" type="stmt"/>
      <line num="102" count="10" type="stmt"/>
      <line num="104" count="7" type="stmt"/>
      <line num="108" count="4" type="stmt"/>
      <line num="109" count="4" type="cond" truecount="1" falsecount="1"/>
      <line num="118" count="4" type="stmt"/>
      <line num="122" count="2" type="stmt"/>
      <line num="126" count="0" type="stmt"/>
      <line num="130" count="0" type="stmt"/>
      <line num="131" count="0" type="stmt"/>
      <line num="132" count="0" type="stmt"/>
      <line num="136" count="3" type="stmt"/>
      <line num="137" count="3" type="stmt"/>
      <line num="141" count="0" type="stmt"/>
      <line num="142" count="0" type="stmt"/>
      <line num="146" count="1" type="stmt"/>
    </file>
    <file name="SpaceBalancer.js" path="C:\kkn_folder\project\yegan\try\try7\backend\src\models\SpaceBalancer.js">
      <metrics statements="73" coveredstatements="47" conditionals="22" coveredconditionals="16" methods="26" coveredmethods="14"/>
      <line num="7" count="2" type="stmt"/>
      <line num="8" count="2" type="stmt"/>
      <line num="15" count="2" type="stmt"/>
      <line num="23" count="834" type="cond" truecount="2" falsecount="0"/>
      <line num="24" count="6" type="stmt"/>
      <line num="34" count="310" type="cond" truecount="2" falsecount="0"/>
      <line num="35" count="6" type="stmt"/>
      <line num="45" count="503" type="stmt"/>
      <line num="54" count="834" type="stmt"/>
      <line num="55" count="834" type="stmt"/>
      <line num="65" count="310" type="stmt"/>
      <line num="66" count="310" type="stmt"/>
      <line num="77" count="50" type="stmt"/>
      <line num="86" count="254" type="cond" truecount="2" falsecount="0"/>
      <line num="88" count="1" type="stmt"/>
      <line num="91" count="253" type="stmt"/>
      <line num="93" count="253" type="stmt"/>
      <line num="94" count="253" type="cond" truecount="2" falsecount="0"/>
      <line num="96" count="50" type="stmt"/>
      <line num="97" count="50" type="stmt"/>
      <line num="100" count="203" type="stmt"/>
      <line num="104" count="203" type="stmt"/>
      <line num="110" count="253" type="stmt"/>
      <line num="118" count="50" type="stmt"/>
      <line num="122" count="50" type="stmt"/>
      <line num="131" count="203" type="stmt"/>
      <line num="132" count="203" type="stmt"/>
      <line num="133" count="203" type="stmt"/>
      <line num="134" count="198" type="stmt"/>
      <line num="136" count="203" type="cond" truecount="2" falsecount="0"/>
      <line num="137" count="5" type="stmt"/>
      <line num="139" count="198" type="cond" truecount="2" falsecount="0"/>
      <line num="140" count="197" type="stmt"/>
      <line num="142" count="1" type="stmt"/>
      <line num="154" count="2" type="stmt"/>
      <line num="155" count="2" type="cond" truecount="1" falsecount="1"/>
      <line num="156" count="0" type="stmt"/>
      <line num="158" count="2" type="cond" truecount="1" falsecount="1"/>
      <line num="159" count="0" type="stmt"/>
      <line num="169" count="0" type="stmt"/>
      <line num="170" count="0" type="cond" truecount="0" falsecount="2"/>
      <line num="171" count="0" type="stmt"/>
      <line num="181" count="254" type="stmt"/>
      <line num="182" count="254" type="stmt"/>
      <line num="183" count="249" type="stmt"/>
      <line num="184" count="249" type="cond" truecount="2" falsecount="0"/>
      <line num="185" count="51" type="stmt"/>
      <line num="190" count="203" type="stmt"/>
      <line num="198" count="0" type="stmt"/>
      <line num="207" count="0" type="stmt"/>
      <line num="214" count="5" type="stmt"/>
      <line num="222" count="5" type="stmt"/>
      <line num="231" count="4" type="stmt"/>
      <line num="239" count="0" type="stmt"/>
      <line num="248" count="1" type="stmt"/>
      <line num="249" count="0" type="stmt"/>
      <line num="263" count="0" type="stmt"/>
      <line num="265" count="0" type="stmt"/>
      <line num="275" count="0" type="stmt"/>
      <line num="283" count="0" type="stmt"/>
      <line num="284" count="0" type="stmt"/>
      <line num="285" count="0" type="stmt"/>
      <line num="286" count="0" type="stmt"/>
      <line num="287" count="0" type="stmt"/>
      <line num="288" count="0" type="stmt"/>
      <line num="289" count="0" type="stmt"/>
      <line num="299" count="0" type="stmt"/>
      <line num="301" count="0" type="stmt"/>
      <line num="312" count="0" type="stmt"/>
      <line num="313" count="0" type="stmt"/>
      <line num="314" count="0" type="cond" truecount="0" falsecount="2"/>
      <line num="315" count="0" type="stmt"/>
      <line num="318" count="0" type="stmt"/>
    </file>
    <file name="User.js" path="C:\kkn_folder\project\yegan\try\try7\backend\src\models\User.js">
      <metrics statements="53" coveredstatements="53" conditionals="38" coveredconditionals="27" methods="3" coveredmethods="3"/>
      <line num="26" count="252" type="stmt"/>
      <line num="27" count="252" type="stmt"/>
      <line num="28" count="252" type="stmt"/>
      <line num="29" count="252" type="stmt"/>
      <line num="30" count="252" type="stmt"/>
      <line num="31" count="252" type="stmt"/>
      <line num="32" count="252" type="stmt"/>
      <line num="33" count="252" type="stmt"/>
      <line num="34" count="252" type="stmt"/>
      <line num="35" count="252" type="stmt"/>
      <line num="36" count="252" type="stmt"/>
      <line num="37" count="252" type="stmt"/>
      <line num="38" count="252" type="stmt"/>
      <line num="39" count="252" type="stmt"/>
      <line num="40" count="252" type="stmt"/>
      <line num="41" count="252" type="stmt"/>
      <line num="42" count="252" type="stmt"/>
      <line num="67" count="252" type="cond" truecount="2" falsecount="0"/>
      <line num="68" count="252" type="cond" truecount="2" falsecount="0"/>
      <line num="70" count="252" type="cond" truecount="2" falsecount="0"/>
      <line num="71" count="252" type="cond" truecount="2" falsecount="0"/>
      <line num="87" count="150" type="stmt"/>
      <line num="88" count="150" type="stmt"/>
      <line num="89" count="150" type="stmt"/>
      <line num="90" count="150" type="stmt"/>
      <line num="91" count="150" type="stmt"/>
      <line num="92" count="150" type="stmt"/>
      <line num="93" count="150" type="stmt"/>
      <line num="94" count="150" type="stmt"/>
      <line num="95" count="150" type="stmt"/>
      <line num="96" count="150" type="stmt"/>
      <line num="97" count="150" type="stmt"/>
      <line num="119" count="102" type="stmt"/>
      <line num="120" count="102" type="stmt"/>
      <line num="121" count="102" type="stmt"/>
      <line num="122" count="102" type="stmt"/>
      <line num="123" count="102" type="stmt"/>
      <line num="124" count="102" type="stmt"/>
      <line num="125" count="102" type="stmt"/>
      <line num="126" count="102" type="stmt"/>
      <line num="127" count="102" type="stmt"/>
      <line num="128" count="102" type="stmt"/>
      <line num="129" count="102" type="stmt"/>
      <line num="130" count="102" type="stmt"/>
      <line num="131" count="102" type="stmt"/>
      <line num="132" count="102" type="stmt"/>
      <line num="133" count="102" type="stmt"/>
      <line num="134" count="102" type="stmt"/>
      <line num="135" count="102" type="stmt"/>
      <line num="139" count="252" type="stmt"/>
      <line num="140" count="4434" type="cond" truecount="2" falsecount="0"/>
      <line num="141" count="1410" type="stmt"/>
      <line num="143" count="4434" type="stmt"/>
    </file>
  </project>
</coverage>
