{"C:\\kkn_folder\\project\\yegan\\try\\try7\\backend\\src\\models\\DevConsole.js": {"path":"C:\\kkn_folder\\project\\yegan\\try\\try7\\backend\\src\\models\\DevConsole.js","statementMap":{"0":{"start":{"line":3,"column":4},"end":{"line":3,"column":39}},"1":{"start":{"line":6,"column":4},"end":{"line":6,"column":71}},"2":{"start":{"line":9,"column":4},"end":{"line":9,"column":73}},"3":{"start":{"line":12,"column":4},"end":{"line":12,"column":73}},"4":{"start":{"line":15,"column":4},"end":{"line":15,"column":72}},"5":{"start":{"line":18,"column":4},"end":{"line":18,"column":24}},"6":{"start":{"line":21,"column":4},"end":{"line":21,"column":27}},"7":{"start":{"line":25,"column":12},"end":{"line":25,"column":28}}},"fnMap":{"0":{"name":"(anonymous_0)","decl":{"start":{"line":2,"column":2},"end":{"line":2,"column":3}},"loc":{"start":{"line":2,"column":29},"end":{"line":4,"column":3}},"line":2},"1":{"name":"(anonymous_1)","decl":{"start":{"line":5,"column":2},"end":{"line":5,"column":3}},"loc":{"start":{"line":5,"column":15},"end":{"line":7,"column":3}},"line":5},"2":{"name":"(anonymous_2)","decl":{"start":{"line":8,"column":2},"end":{"line":8,"column":3}},"loc":{"start":{"line":8,"column":17},"end":{"line":10,"column":3}},"line":8},"3":{"name":"(anonymous_3)","decl":{"start":{"line":11,"column":2},"end":{"line":11,"column":3}},"loc":{"start":{"line":11,"column":17},"end":{"line":13,"column":3}},"line":11},"4":{"name":"(anonymous_4)","decl":{"start":{"line":14,"column":2},"end":{"line":14,"column":3}},"loc":{"start":{"line":14,"column":16},"end":{"line":16,"column":3}},"line":14},"5":{"name":"(anonymous_5)","decl":{"start":{"line":17,"column":2},"end":{"line":17,"column":3}},"loc":{"start":{"line":17,"column":14},"end":{"line":19,"column":3}},"line":17},"6":{"name":"(anonymous_6)","decl":{"start":{"line":20,"column":2},"end":{"line":20,"column":3}},"loc":{"start":{"line":20,"column":17},"end":{"line":22,"column":3}},"line":20}},"branchMap":{"0":{"loc":{"start":{"line":6,"column":30},"end":{"line":6,"column":68}},"type":"cond-expr","locations":[{"start":{"line":6,"column":50},"end":{"line":6,"column":61}},{"start":{"line":6,"column":64},"end":{"line":6,"column":68}}],"line":6},"1":{"loc":{"start":{"line":9,"column":32},"end":{"line":9,"column":70}},"type":"cond-expr","locations":[{"start":{"line":9,"column":52},"end":{"line":9,"column":63}},{"start":{"line":9,"column":66},"end":{"line":9,"column":70}}],"line":9},"2":{"loc":{"start":{"line":12,"column":32},"end":{"line":12,"column":70}},"type":"cond-expr","locations":[{"start":{"line":12,"column":52},"end":{"line":12,"column":63}},{"start":{"line":12,"column":66},"end":{"line":12,"column":70}}],"line":12},"3":{"loc":{"start":{"line":15,"column":31},"end":{"line":15,"column":69}},"type":"cond-expr","locations":[{"start":{"line":15,"column":51},"end":{"line":15,"column":62}},{"start":{"line":15,"column":65},"end":{"line":15,"column":69}}],"line":15}},"s":{"0":0,"1":5,"2":0,"3":0,"4":0,"5":0,"6":0,"7":1},"f":{"0":0,"1":5,"2":0,"3":0,"4":0,"5":0,"6":0},"b":{"0":[0,5],"1":[0,0],"2":[0,0],"3":[0,0]},"_coverageSchema":"1a1c01bbd47fc00a2c39e90264f33305004495a9","hash":"ceef801bd543412e0822ae9cc8c8acf4a39d734e"}
,"C:\\kkn_folder\\project\\yegan\\try\\try7\\backend\\src\\models\\ServerBalancer.js": {"path":"C:\\kkn_folder\\project\\yegan\\try\\try7\\backend\\src\\models\\ServerBalancer.js","statementMap":{"0":{"start":{"line":4,"column":13},"end":{"line":4,"column":22}},"1":{"start":{"line":5,"column":11},"end":{"line":5,"column":12}},"2":{"start":{"line":6,"column":23},"end":{"line":6,"column":24}},"3":{"start":{"line":7,"column":19},"end":{"line":7,"column":20}},"4":{"start":{"line":8,"column":13},"end":{"line":8,"column":17}},"5":{"start":{"line":11,"column":4},"end":{"line":13,"column":5}},"6":{"start":{"line":12,"column":6},"end":{"line":12,"column":28}},"7":{"start":{"line":14,"column":4},"end":{"line":14,"column":44}},"8":{"start":{"line":18,"column":4},"end":{"line":18,"column":31}},"9":{"start":{"line":19,"column":4},"end":{"line":19,"column":79}},"10":{"start":{"line":20,"column":4},"end":{"line":22,"column":5}},"11":{"start":{"line":20,"column":17},"end":{"line":20,"column":18}},"12":{"start":{"line":21,"column":6},"end":{"line":21,"column":39}},"13":{"start":{"line":23,"column":4},"end":{"line":23,"column":55}},"14":{"start":{"line":27,"column":4},"end":{"line":27,"column":48}},"15":{"start":{"line":31,"column":4},"end":{"line":31,"column":31}},"16":{"start":{"line":35,"column":19},"end":{"line":35,"column":52}},"17":{"start":{"line":36,"column":4},"end":{"line":36,"column":72}},"18":{"start":{"line":37,"column":4},"end":{"line":37,"column":18}},"19":{"start":{"line":41,"column":21},"end":{"line":41,"column":61}},"20":{"start":{"line":42,"column":4},"end":{"line":42,"column":78}},"21":{"start":{"line":43,"column":4},"end":{"line":43,"column":20}},"22":{"start":{"line":47,"column":21},"end":{"line":47,"column":57}},"23":{"start":{"line":48,"column":4},"end":{"line":55,"column":8}},"24":{"start":{"line":56,"column":4},"end":{"line":62,"column":5}},"25":{"start":{"line":57,"column":6},"end":{"line":57,"column":48}},"26":{"start":{"line":59,"column":6},"end":{"line":59,"column":35}},"27":{"start":{"line":60,"column":6},"end":{"line":60,"column":48}},"28":{"start":{"line":61,"column":6},"end":{"line":61,"column":48}},"29":{"start":{"line":63,"column":4},"end":{"line":63,"column":20}},"30":{"start":{"line":67,"column":18},"end":{"line":67,"column":44}},"31":{"start":{"line":68,"column":4},"end":{"line":75,"column":8}},"32":{"start":{"line":76,"column":4},"end":{"line":78,"column":5}},"33":{"start":{"line":77,"column":6},"end":{"line":77,"column":43}},"34":{"start":{"line":82,"column":18},"end":{"line":82,"column":74}},"35":{"start":{"line":82,"column":60},"end":{"line":82,"column":73}},"36":{"start":{"line":83,"column":4},"end":{"line":90,"column":8}},"37":{"start":{"line":91,"column":4},"end":{"line":91,"column":17}},"38":{"start":{"line":95,"column":20},"end":{"line":95,"column":54}},"39":{"start":{"line":96,"column":21},"end":{"line":96,"column":73}},"40":{"start":{"line":96,"column":45},"end":{"line":96,"column":72}},"41":{"start":{"line":97,"column":4},"end":{"line":97,"column":54}},"42":{"start":{"line":97,"column":42},"end":{"line":97,"column":48}},"43":{"start":{"line":101,"column":26},"end":{"line":101,"column":52}},"44":{"start":{"line":102,"column":4},"end":{"line":102,"column":45}},"45":{"start":{"line":103,"column":4},"end":{"line":110,"column":8}},"46":{"start":{"line":112,"column":4},"end":{"line":112,"column":25}},"47":{"start":{"line":116,"column":4},"end":{"line":116,"column":30}},"48":{"start":{"line":120,"column":4},"end":{"line":120,"column":61}},"49":{"start":{"line":124,"column":15},"end":{"line":124,"column":34}},"50":{"start":{"line":125,"column":4},"end":{"line":125,"column":28}},"51":{"start":{"line":126,"column":4},"end":{"line":126,"column":48}},"52":{"start":{"line":130,"column":4},"end":{"line":130,"column":59}},"53":{"start":{"line":131,"column":4},"end":{"line":131,"column":48}},"54":{"start":{"line":135,"column":33},"end":{"line":135,"column":70}},"55":{"start":{"line":136,"column":4},"end":{"line":136,"column":55}},"56":{"start":{"line":140,"column":16},"end":{"line":140,"column":75}}},"fnMap":{"0":{"name":"(anonymous_0)","decl":{"start":{"line":10,"column":2},"end":{"line":10,"column":3}},"loc":{"start":{"line":10,"column":46},"end":{"line":15,"column":3}},"line":10},"1":{"name":"(anonymous_1)","decl":{"start":{"line":30,"column":2},"end":{"line":30,"column":3}},"loc":{"start":{"line":30,"column":21},"end":{"line":32,"column":3}},"line":30},"2":{"name":"(anonymous_2)","decl":{"start":{"line":34,"column":2},"end":{"line":34,"column":3}},"loc":{"start":{"line":34,"column":17},"end":{"line":38,"column":3}},"line":34},"3":{"name":"(anonymous_3)","decl":{"start":{"line":40,"column":2},"end":{"line":40,"column":3}},"loc":{"start":{"line":40,"column":21},"end":{"line":44,"column":3}},"line":40},"4":{"name":"(anonymous_4)","decl":{"start":{"line":46,"column":2},"end":{"line":46,"column":3}},"loc":{"start":{"line":46,"column":9},"end":{"line":64,"column":3}},"line":46},"5":{"name":"(anonymous_5)","decl":{"start":{"line":66,"column":2},"end":{"line":66,"column":3}},"loc":{"start":{"line":66,"column":18},"end":{"line":79,"column":3}},"line":66},"6":{"name":"(anonymous_6)","decl":{"start":{"line":81,"column":2},"end":{"line":81,"column":3}},"loc":{"start":{"line":81,"column":24},"end":{"line":92,"column":3}},"line":81},"7":{"name":"(anonymous_7)","decl":{"start":{"line":82,"column":48},"end":{"line":82,"column":49}},"loc":{"start":{"line":82,"column":60},"end":{"line":82,"column":73}},"line":82},"8":{"name":"(anonymous_8)","decl":{"start":{"line":94,"column":2},"end":{"line":94,"column":3}},"loc":{"start":{"line":94,"column":19},"end":{"line":98,"column":3}},"line":94},"9":{"name":"(anonymous_9)","decl":{"start":{"line":96,"column":33},"end":{"line":96,"column":34}},"loc":{"start":{"line":96,"column":45},"end":{"line":96,"column":72}},"line":96},"10":{"name":"(anonymous_10)","decl":{"start":{"line":97,"column":30},"end":{"line":97,"column":31}},"loc":{"start":{"line":97,"column":42},"end":{"line":97,"column":48}},"line":97},"11":{"name":"(anonymous_11)","decl":{"start":{"line":100,"column":2},"end":{"line":100,"column":3}},"loc":{"start":{"line":100,"column":15},"end":{"line":113,"column":3}},"line":100},"12":{"name":"(anonymous_12)","decl":{"start":{"line":115,"column":2},"end":{"line":115,"column":3}},"loc":{"start":{"line":115,"column":15},"end":{"line":117,"column":3}},"line":115},"13":{"name":"(anonymous_13)","decl":{"start":{"line":119,"column":2},"end":{"line":119,"column":3}},"loc":{"start":{"line":119,"column":16},"end":{"line":121,"column":3}},"line":119},"14":{"name":"(anonymous_14)","decl":{"start":{"line":123,"column":2},"end":{"line":123,"column":3}},"loc":{"start":{"line":123,"column":16},"end":{"line":127,"column":3}},"line":123},"15":{"name":"(anonymous_15)","decl":{"start":{"line":129,"column":2},"end":{"line":129,"column":3}},"loc":{"start":{"line":129,"column":13},"end":{"line":132,"column":3}},"line":129},"16":{"name":"(anonymous_16)","decl":{"start":{"line":134,"column":2},"end":{"line":134,"column":3}},"loc":{"start":{"line":134,"column":17},"end":{"line":137,"column":3}},"line":134}},"branchMap":{"0":{"loc":{"start":{"line":11,"column":4},"end":{"line":13,"column":5}},"type":"if","locations":[{"start":{"line":11,"column":4},"end":{"line":13,"column":5}},{"start":{},"end":{}}],"line":11},"1":{"loc":{"start":{"line":18,"column":18},"end":{"line":18,"column":30}},"type":"binary-expr","locations":[{"start":{"line":18,"column":18},"end":{"line":18,"column":23}},{"start":{"line":18,"column":27},"end":{"line":18,"column":30}}],"line":18},"2":{"loc":{"start":{"line":19,"column":30},"end":{"line":19,"column":78}},"type":"binary-expr","locations":[{"start":{"line":19,"column":30},"end":{"line":19,"column":44}},{"start":{"line":19,"column":48},"end":{"line":19,"column":73}},{"start":{"line":19,"column":77},"end":{"line":19,"column":78}}],"line":19},"3":{"loc":{"start":{"line":36,"column":4},"end":{"line":36,"column":71}},"type":"binary-expr","locations":[{"start":{"line":36,"column":4},"end":{"line":36,"column":17}},{"start":{"line":36,"column":21},"end":{"line":36,"column":71}}],"line":36},"4":{"loc":{"start":{"line":42,"column":4},"end":{"line":42,"column":77}},"type":"binary-expr","locations":[{"start":{"line":42,"column":4},"end":{"line":42,"column":17}},{"start":{"line":42,"column":21},"end":{"line":42,"column":77}}],"line":42},"5":{"loc":{"start":{"line":48,"column":4},"end":{"line":55,"column":7}},"type":"binary-expr","locations":[{"start":{"line":48,"column":4},"end":{"line":48,"column":17}},{"start":{"line":49,"column":6},"end":{"line":55,"column":7}}],"line":48},"6":{"loc":{"start":{"line":56,"column":4},"end":{"line":62,"column":5}},"type":"if","locations":[{"start":{"line":56,"column":4},"end":{"line":62,"column":5}},{"start":{"line":58,"column":11},"end":{"line":62,"column":5}}],"line":56},"7":{"loc":{"start":{"line":68,"column":4},"end":{"line":75,"column":7}},"type":"binary-expr","locations":[{"start":{"line":68,"column":4},"end":{"line":68,"column":17}},{"start":{"line":69,"column":6},"end":{"line":75,"column":7}}],"line":68},"8":{"loc":{"start":{"line":76,"column":4},"end":{"line":78,"column":5}},"type":"if","locations":[{"start":{"line":76,"column":4},"end":{"line":78,"column":5}},{"start":{},"end":{}}],"line":76},"9":{"loc":{"start":{"line":83,"column":4},"end":{"line":90,"column":7}},"type":"binary-expr","locations":[{"start":{"line":83,"column":4},"end":{"line":83,"column":17}},{"start":{"line":84,"column":6},"end":{"line":90,"column":7}}],"line":83},"10":{"loc":{"start":{"line":103,"column":4},"end":{"line":110,"column":7}},"type":"binary-expr","locations":[{"start":{"line":103,"column":4},"end":{"line":103,"column":17}},{"start":{"line":104,"column":6},"end":{"line":110,"column":7}}],"line":103},"11":{"loc":{"start":{"line":140,"column":40},"end":{"line":140,"column":74}},"type":"binary-expr","locations":[{"start":{"line":140,"column":40},"end":{"line":140,"column":69}},{"start":{"line":140,"column":73},"end":{"line":140,"column":74}}],"line":140}},"s":{"0":2,"1":2,"2":2,"3":2,"4":2,"5":2,"6":2,"7":2,"8":5,"9":5,"10":5,"11":5,"12":41,"13":5,"14":1,"15":0,"16":1218,"17":1218,"18":1218,"19":604,"20":604,"21":604,"22":604,"23":604,"24":604,"25":603,"26":1,"27":1,"28":1,"29":604,"30":0,"31":0,"32":0,"33":0,"34":0,"35":0,"36":0,"37":0,"38":7,"39":7,"40":70,"41":7,"42":10,"43":5,"44":5,"45":5,"46":5,"47":3,"48":0,"49":0,"50":0,"51":0,"52":3,"53":3,"54":0,"55":0,"56":1},"f":{"0":2,"1":0,"2":1218,"3":604,"4":604,"5":0,"6":0,"7":0,"8":7,"9":70,"10":10,"11":5,"12":3,"13":0,"14":0,"15":3,"16":0},"b":{"0":[2,0],"1":[5,0],"2":[5,0,0],"3":[1218,0],"4":[604,0],"5":[604,0],"6":[603,1],"7":[0,0],"8":[0,0],"9":[0,0],"10":[5,0],"11":[1,1]},"_coverageSchema":"1a1c01bbd47fc00a2c39e90264f33305004495a9","hash":"cc4b88f445fa64de20c67dd1de0beac87eec9a10"}
,"C:\\kkn_folder\\project\\yegan\\try\\try7\\backend\\src\\models\\SpaceBalancer.js": {"path":"C:\\kkn_folder\\project\\yegan\\try\\try7\\backend\\src\\models\\SpaceBalancer.js","statementMap":{"0":{"start":{"line":7,"column":11},"end":{"line":7,"column":12}},"1":{"start":{"line":8,"column":12},"end":{"line":8,"column":21}},"2":{"start":{"line":15,"column":4},"end":{"line":15,"column":24}},"3":{"start":{"line":23,"column":4},"end":{"line":25,"column":5}},"4":{"start":{"line":24,"column":6},"end":{"line":24,"column":55}},"5":{"start":{"line":34,"column":4},"end":{"line":36,"column":5}},"6":{"start":{"line":35,"column":6},"end":{"line":35,"column":62}},"7":{"start":{"line":45,"column":4},"end":{"line":45,"column":36}},"8":{"start":{"line":54,"column":4},"end":{"line":54,"column":30}},"9":{"start":{"line":55,"column":4},"end":{"line":55,"column":49}},"10":{"start":{"line":65,"column":4},"end":{"line":65,"column":41}},"11":{"start":{"line":66,"column":4},"end":{"line":66,"column":56}},"12":{"start":{"line":77,"column":4},"end":{"line":77,"column":68}},"13":{"start":{"line":86,"column":4},"end":{"line":88,"column":5}},"14":{"start":{"line":87,"column":6},"end":{"line":87,"column":13}},"15":{"start":{"line":90,"column":20},"end":{"line":90,"column":24}},"16":{"start":{"line":92,"column":22},"end":{"line":92,"column":60}},"17":{"start":{"line":93,"column":4},"end":{"line":107,"column":5}},"18":{"start":{"line":95,"column":6},"end":{"line":95,"column":49}},"19":{"start":{"line":96,"column":6},"end":{"line":96,"column":35}},"20":{"start":{"line":99,"column":6},"end":{"line":101,"column":9}},"21":{"start":{"line":103,"column":6},"end":{"line":106,"column":8}},"22":{"start":{"line":109,"column":4},"end":{"line":109,"column":21}},"23":{"start":{"line":117,"column":4},"end":{"line":120,"column":6}},"24":{"start":{"line":129,"column":19},"end":{"line":129,"column":42}},"25":{"start":{"line":130,"column":25},"end":{"line":130,"column":52}},"26":{"start":{"line":131,"column":22},"end":{"line":133,"column":5}},"27":{"start":{"line":132,"column":19},"end":{"line":132,"column":45}},"28":{"start":{"line":134,"column":4},"end":{"line":142,"column":5}},"29":{"start":{"line":135,"column":6},"end":{"line":135,"column":15}},"30":{"start":{"line":137,"column":6},"end":{"line":141,"column":7}},"31":{"start":{"line":138,"column":8},"end":{"line":138,"column":29}},"32":{"start":{"line":140,"column":8},"end":{"line":140,"column":31}},"33":{"start":{"line":152,"column":4},"end":{"line":152,"column":64}},"34":{"start":{"line":153,"column":4},"end":{"line":155,"column":5}},"35":{"start":{"line":154,"column":6},"end":{"line":154,"column":54}},"36":{"start":{"line":156,"column":4},"end":{"line":158,"column":5}},"37":{"start":{"line":157,"column":6},"end":{"line":157,"column":47}},"38":{"start":{"line":167,"column":4},"end":{"line":167,"column":52}},"39":{"start":{"line":168,"column":4},"end":{"line":170,"column":5}},"40":{"start":{"line":169,"column":6},"end":{"line":169,"column":47}},"41":{"start":{"line":179,"column":23},"end":{"line":179,"column":52}},"42":{"start":{"line":180,"column":4},"end":{"line":186,"column":5}},"43":{"start":{"line":181,"column":6},"end":{"line":185,"column":7}},"44":{"start":{"line":182,"column":8},"end":{"line":184,"column":9}},"45":{"start":{"line":183,"column":10},"end":{"line":183,"column":47}},"46":{"start":{"line":188,"column":4},"end":{"line":188,"column":21}},"47":{"start":{"line":196,"column":4},"end":{"line":196,"column":36}},"48":{"start":{"line":205,"column":4},"end":{"line":205,"column":47}},"49":{"start":{"line":212,"column":4},"end":{"line":212,"column":25}},"50":{"start":{"line":220,"column":4},"end":{"line":220,"column":51}},"51":{"start":{"line":229,"column":4},"end":{"line":229,"column":40}},"52":{"start":{"line":237,"column":4},"end":{"line":237,"column":29}},"53":{"start":{"line":246,"column":4},"end":{"line":249,"column":6}},"54":{"start":{"line":247,"column":21},"end":{"line":247,"column":36}},"55":{"start":{"line":261,"column":4},"end":{"line":264,"column":13}},"56":{"start":{"line":263,"column":18},"end":{"line":263,"column":38}},"57":{"start":{"line":273,"column":4},"end":{"line":273,"column":43}},"58":{"start":{"line":281,"column":26},"end":{"line":281,"column":27}},"59":{"start":{"line":282,"column":4},"end":{"line":282,"column":54}},"60":{"start":{"line":283,"column":4},"end":{"line":283,"column":54}},"61":{"start":{"line":284,"column":4},"end":{"line":284,"column":54}},"62":{"start":{"line":285,"column":4},"end":{"line":285,"column":54}},"63":{"start":{"line":286,"column":4},"end":{"line":286,"column":54}},"64":{"start":{"line":287,"column":4},"end":{"line":287,"column":27}},"65":{"start":{"line":297,"column":4},"end":{"line":300,"column":6}},"66":{"start":{"line":299,"column":18},"end":{"line":299,"column":42}},"67":{"start":{"line":310,"column":15},"end":{"line":310,"column":17}},"68":{"start":{"line":311,"column":4},"end":{"line":315,"column":5}},"69":{"start":{"line":312,"column":6},"end":{"line":314,"column":7}},"70":{"start":{"line":313,"column":8},"end":{"line":313,"column":29}},"71":{"start":{"line":316,"column":4},"end":{"line":316,"column":16}}},"fnMap":{"0":{"name":"(anonymous_0)","decl":{"start":{"line":14,"column":2},"end":{"line":14,"column":3}},"loc":{"start":{"line":14,"column":21},"end":{"line":16,"column":3}},"line":14},"1":{"name":"(anonymous_1)","decl":{"start":{"line":53,"column":2},"end":{"line":53,"column":3}},"loc":{"start":{"line":53,"column":21},"end":{"line":56,"column":3}},"line":53},"2":{"name":"(anonymous_2)","decl":{"start":{"line":64,"column":2},"end":{"line":64,"column":3}},"loc":{"start":{"line":64,"column":32},"end":{"line":67,"column":3}},"line":64},"3":{"name":"(anonymous_3)","decl":{"start":{"line":76,"column":2},"end":{"line":76,"column":3}},"loc":{"start":{"line":76,"column":39},"end":{"line":78,"column":3}},"line":76},"4":{"name":"(anonymous_4)","decl":{"start":{"line":85,"column":2},"end":{"line":85,"column":3}},"loc":{"start":{"line":85,"column":12},"end":{"line":110,"column":3}},"line":85},"5":{"name":"(anonymous_5)","decl":{"start":{"line":116,"column":2},"end":{"line":116,"column":3}},"loc":{"start":{"line":116,"column":21},"end":{"line":121,"column":3}},"line":116},"6":{"name":"(anonymous_6)","decl":{"start":{"line":128,"column":2},"end":{"line":128,"column":3}},"loc":{"start":{"line":128,"column":25},"end":{"line":143,"column":3}},"line":128},"7":{"name":"(anonymous_7)","decl":{"start":{"line":132,"column":6},"end":{"line":132,"column":7}},"loc":{"start":{"line":132,"column":19},"end":{"line":132,"column":45}},"line":132},"8":{"name":"(anonymous_8)","decl":{"start":{"line":151,"column":2},"end":{"line":151,"column":3}},"loc":{"start":{"line":151,"column":39},"end":{"line":159,"column":3}},"line":151},"9":{"name":"(anonymous_9)","decl":{"start":{"line":166,"column":2},"end":{"line":166,"column":3}},"loc":{"start":{"line":166,"column":32},"end":{"line":171,"column":3}},"line":166},"10":{"name":"(anonymous_10)","decl":{"start":{"line":178,"column":2},"end":{"line":178,"column":3}},"loc":{"start":{"line":178,"column":31},"end":{"line":189,"column":3}},"line":178},"11":{"name":"(anonymous_11)","decl":{"start":{"line":195,"column":2},"end":{"line":195,"column":3}},"loc":{"start":{"line":195,"column":20},"end":{"line":197,"column":3}},"line":195},"12":{"name":"(anonymous_12)","decl":{"start":{"line":204,"column":2},"end":{"line":204,"column":3}},"loc":{"start":{"line":204,"column":31},"end":{"line":206,"column":3}},"line":204},"13":{"name":"(anonymous_13)","decl":{"start":{"line":211,"column":2},"end":{"line":211,"column":3}},"loc":{"start":{"line":211,"column":13},"end":{"line":213,"column":3}},"line":211},"14":{"name":"(anonymous_14)","decl":{"start":{"line":219,"column":2},"end":{"line":219,"column":3}},"loc":{"start":{"line":219,"column":28},"end":{"line":221,"column":3}},"line":219},"15":{"name":"(anonymous_15)","decl":{"start":{"line":228,"column":2},"end":{"line":228,"column":3}},"loc":{"start":{"line":228,"column":22},"end":{"line":230,"column":3}},"line":228},"16":{"name":"(anonymous_16)","decl":{"start":{"line":236,"column":2},"end":{"line":236,"column":3}},"loc":{"start":{"line":236,"column":15},"end":{"line":238,"column":3}},"line":236},"17":{"name":"(anonymous_17)","decl":{"start":{"line":245,"column":2},"end":{"line":245,"column":3}},"loc":{"start":{"line":245,"column":27},"end":{"line":250,"column":3}},"line":245},"18":{"name":"(anonymous_18)","decl":{"start":{"line":247,"column":6},"end":{"line":247,"column":7}},"loc":{"start":{"line":247,"column":21},"end":{"line":247,"column":36}},"line":247},"19":{"name":"(anonymous_19)","decl":{"start":{"line":259,"column":2},"end":{"line":259,"column":3}},"loc":{"start":{"line":259,"column":45},"end":{"line":265,"column":3}},"line":259},"20":{"name":"(anonymous_20)","decl":{"start":{"line":263,"column":6},"end":{"line":263,"column":7}},"loc":{"start":{"line":263,"column":18},"end":{"line":263,"column":38}},"line":263},"21":{"name":"(anonymous_21)","decl":{"start":{"line":272,"column":2},"end":{"line":272,"column":3}},"loc":{"start":{"line":272,"column":33},"end":{"line":274,"column":3}},"line":272},"22":{"name":"(anonymous_22)","decl":{"start":{"line":280,"column":2},"end":{"line":280,"column":3}},"loc":{"start":{"line":280,"column":26},"end":{"line":288,"column":3}},"line":280},"23":{"name":"(anonymous_23)","decl":{"start":{"line":296,"column":2},"end":{"line":296,"column":3}},"loc":{"start":{"line":296,"column":21},"end":{"line":301,"column":3}},"line":296},"24":{"name":"(anonymous_24)","decl":{"start":{"line":299,"column":6},"end":{"line":299,"column":7}},"loc":{"start":{"line":299,"column":18},"end":{"line":299,"column":42}},"line":299},"25":{"name":"(anonymous_25)","decl":{"start":{"line":309,"column":2},"end":{"line":309,"column":3}},"loc":{"start":{"line":309,"column":28},"end":{"line":317,"column":3}},"line":309}},"branchMap":{"0":{"loc":{"start":{"line":23,"column":4},"end":{"line":25,"column":5}},"type":"if","locations":[{"start":{"line":23,"column":4},"end":{"line":25,"column":5}},{"start":{},"end":{}}],"line":23},"1":{"loc":{"start":{"line":34,"column":4},"end":{"line":36,"column":5}},"type":"if","locations":[{"start":{"line":34,"column":4},"end":{"line":36,"column":5}},{"start":{},"end":{}}],"line":34},"2":{"loc":{"start":{"line":86,"column":4},"end":{"line":88,"column":5}},"type":"if","locations":[{"start":{"line":86,"column":4},"end":{"line":88,"column":5}},{"start":{},"end":{}}],"line":86},"3":{"loc":{"start":{"line":93,"column":4},"end":{"line":107,"column":5}},"type":"if","locations":[{"start":{"line":93,"column":4},"end":{"line":107,"column":5}},{"start":{"line":97,"column":11},"end":{"line":107,"column":5}}],"line":93},"4":{"loc":{"start":{"line":134,"column":4},"end":{"line":142,"column":5}},"type":"if","locations":[{"start":{"line":134,"column":4},"end":{"line":142,"column":5}},{"start":{"line":136,"column":11},"end":{"line":142,"column":5}}],"line":134},"5":{"loc":{"start":{"line":137,"column":6},"end":{"line":141,"column":7}},"type":"if","locations":[{"start":{"line":137,"column":6},"end":{"line":141,"column":7}},{"start":{"line":139,"column":13},"end":{"line":141,"column":7}}],"line":137},"6":{"loc":{"start":{"line":153,"column":4},"end":{"line":155,"column":5}},"type":"if","locations":[{"start":{"line":153,"column":4},"end":{"line":155,"column":5}},{"start":{},"end":{}}],"line":153},"7":{"loc":{"start":{"line":156,"column":4},"end":{"line":158,"column":5}},"type":"if","locations":[{"start":{"line":156,"column":4},"end":{"line":158,"column":5}},{"start":{},"end":{}}],"line":156},"8":{"loc":{"start":{"line":168,"column":4},"end":{"line":170,"column":5}},"type":"if","locations":[{"start":{"line":168,"column":4},"end":{"line":170,"column":5}},{"start":{},"end":{}}],"line":168},"9":{"loc":{"start":{"line":182,"column":8},"end":{"line":184,"column":9}},"type":"if","locations":[{"start":{"line":182,"column":8},"end":{"line":184,"column":9}},{"start":{},"end":{}}],"line":182},"10":{"loc":{"start":{"line":312,"column":6},"end":{"line":314,"column":7}},"type":"if","locations":[{"start":{"line":312,"column":6},"end":{"line":314,"column":7}},{"start":{},"end":{}}],"line":312}},"s":{"0":2,"1":2,"2":2,"3":734,"4":6,"5":260,"6":6,"7":503,"8":734,"9":734,"10":260,"11":260,"12":0,"13":254,"14":1,"15":253,"16":253,"17":253,"18":50,"19":50,"20":203,"21":203,"22":253,"23":50,"24":203,"25":203,"26":203,"27":198,"28":203,"29":5,"30":198,"31":197,"32":1,"33":2,"34":2,"35":0,"36":2,"37":0,"38":0,"39":0,"40":0,"41":254,"42":254,"43":249,"44":249,"45":51,"46":203,"47":0,"48":0,"49":5,"50":5,"51":4,"52":0,"53":1,"54":0,"55":0,"56":0,"57":0,"58":0,"59":0,"60":0,"61":0,"62":0,"63":0,"64":0,"65":0,"66":0,"67":0,"68":0,"69":0,"70":0,"71":0},"f":{"0":2,"1":734,"2":260,"3":0,"4":254,"5":50,"6":203,"7":198,"8":2,"9":0,"10":254,"11":0,"12":0,"13":5,"14":5,"15":4,"16":0,"17":1,"18":0,"19":0,"20":0,"21":0,"22":0,"23":0,"24":0,"25":0},"b":{"0":[6,728],"1":[6,254],"2":[1,253],"3":[50,203],"4":[5,198],"5":[197,1],"6":[0,2],"7":[0,2],"8":[0,0],"9":[51,198],"10":[0,0]},"_coverageSchema":"1a1c01bbd47fc00a2c39e90264f33305004495a9","hash":"85411ef9f883be7545939afe201007aa9fa4bbc2"}
,"C:\\kkn_folder\\project\\yegan\\try\\try7\\backend\\src\\models\\User.js": {"path":"C:\\kkn_folder\\project\\yegan\\try\\try7\\backend\\src\\models\\User.js","statementMap":{"0":{"start":{"line":26,"column":9},"end":{"line":26,"column":13}},"1":{"start":{"line":27,"column":14},"end":{"line":27,"column":18}},"2":{"start":{"line":28,"column":13},"end":{"line":28,"column":17}},"3":{"start":{"line":29,"column":11},"end":{"line":29,"column":15}},"4":{"start":{"line":30,"column":10},"end":{"line":30,"column":14}},"5":{"start":{"line":31,"column":12},"end":{"line":31,"column":16}},"6":{"start":{"line":32,"column":11},"end":{"line":32,"column":15}},"7":{"start":{"line":33,"column":9},"end":{"line":33,"column":13}},"8":{"start":{"line":34,"column":7},"end":{"line":34,"column":11}},"9":{"start":{"line":35,"column":13},"end":{"line":35,"column":17}},"10":{"start":{"line":36,"column":14},"end":{"line":36,"column":18}},"11":{"start":{"line":37,"column":11},"end":{"line":37,"column":15}},"12":{"start":{"line":38,"column":8},"end":{"line":38,"column":12}},"13":{"start":{"line":39,"column":8},"end":{"line":39,"column":12}},"14":{"start":{"line":40,"column":8},"end":{"line":40,"column":12}},"15":{"start":{"line":41,"column":8},"end":{"line":41,"column":12}},"16":{"start":{"line":42,"column":10},"end":{"line":42,"column":14}},"17":{"start":{"line":67,"column":21},"end":{"line":67,"column":55}},"18":{"start":{"line":68,"column":21},"end":{"line":68,"column":55}},"19":{"start":{"line":70,"column":4},"end":{"line":70,"column":47}},"20":{"start":{"line":70,"column":18},"end":{"line":70,"column":47}},"21":{"start":{"line":71,"column":4},"end":{"line":71,"column":47}},"22":{"start":{"line":71,"column":18},"end":{"line":71,"column":47}},"23":{"start":{"line":87,"column":4},"end":{"line":87,"column":17}},"24":{"start":{"line":88,"column":4},"end":{"line":88,"column":29}},"25":{"start":{"line":89,"column":4},"end":{"line":89,"column":25}},"26":{"start":{"line":90,"column":4},"end":{"line":90,"column":21}},"27":{"start":{"line":91,"column":4},"end":{"line":91,"column":25}},"28":{"start":{"line":92,"column":4},"end":{"line":92,"column":23}},"29":{"start":{"line":93,"column":4},"end":{"line":93,"column":27}},"30":{"start":{"line":94,"column":4},"end":{"line":94,"column":25}},"31":{"start":{"line":95,"column":4},"end":{"line":95,"column":29}},"32":{"start":{"line":96,"column":4},"end":{"line":96,"column":21}},"33":{"start":{"line":97,"column":4},"end":{"line":97,"column":31}},"34":{"start":{"line":119,"column":4},"end":{"line":119,"column":21}},"35":{"start":{"line":120,"column":4},"end":{"line":120,"column":17}},"36":{"start":{"line":121,"column":4},"end":{"line":121,"column":29}},"37":{"start":{"line":122,"column":4},"end":{"line":122,"column":25}},"38":{"start":{"line":123,"column":4},"end":{"line":123,"column":23}},"39":{"start":{"line":124,"column":4},"end":{"line":124,"column":27}},"40":{"start":{"line":125,"column":4},"end":{"line":125,"column":25}},"41":{"start":{"line":126,"column":4},"end":{"line":126,"column":29}},"42":{"start":{"line":127,"column":4},"end":{"line":127,"column":31}},"43":{"start":{"line":128,"column":4},"end":{"line":128,"column":25}},"44":{"start":{"line":129,"column":4},"end":{"line":129,"column":19}},"45":{"start":{"line":130,"column":4},"end":{"line":130,"column":19}},"46":{"start":{"line":131,"column":4},"end":{"line":131,"column":19}},"47":{"start":{"line":132,"column":4},"end":{"line":132,"column":19}},"48":{"start":{"line":133,"column":4},"end":{"line":133,"column":23}},"49":{"start":{"line":134,"column":4},"end":{"line":134,"column":21}},"50":{"start":{"line":135,"column":4},"end":{"line":135,"column":31}},"51":{"start":{"line":139,"column":4},"end":{"line":144,"column":11}},"52":{"start":{"line":140,"column":6},"end":{"line":142,"column":7}},"53":{"start":{"line":141,"column":8},"end":{"line":141,"column":25}},"54":{"start":{"line":143,"column":6},"end":{"line":143,"column":17}}},"fnMap":{"0":{"name":"(anonymous_0)","decl":{"start":{"line":66,"column":2},"end":{"line":66,"column":3}},"loc":{"start":{"line":66,"column":20},"end":{"line":72,"column":3}},"line":66},"1":{"name":"(anonymous_1)","decl":{"start":{"line":138,"column":2},"end":{"line":138,"column":3}},"loc":{"start":{"line":138,"column":11},"end":{"line":145,"column":3}},"line":138},"2":{"name":"(anonymous_2)","decl":{"start":{"line":139,"column":39},"end":{"line":139,"column":40}},"loc":{"start":{"line":139,"column":62},"end":{"line":144,"column":5}},"line":139}},"branchMap":{"0":{"loc":{"start":{"line":67,"column":21},"end":{"line":67,"column":55}},"type":"binary-expr","locations":[{"start":{"line":67,"column":21},"end":{"line":67,"column":43}},{"start":{"line":67,"column":47},"end":{"line":67,"column":55}}],"line":67},"1":{"loc":{"start":{"line":68,"column":21},"end":{"line":68,"column":55}},"type":"binary-expr","locations":[{"start":{"line":68,"column":21},"end":{"line":68,"column":43}},{"start":{"line":68,"column":47},"end":{"line":68,"column":55}}],"line":68},"2":{"loc":{"start":{"line":70,"column":4},"end":{"line":70,"column":47}},"type":"if","locations":[{"start":{"line":70,"column":4},"end":{"line":70,"column":47}},{"start":{},"end":{}}],"line":70},"3":{"loc":{"start":{"line":71,"column":4},"end":{"line":71,"column":47}},"type":"if","locations":[{"start":{"line":71,"column":4},"end":{"line":71,"column":47}},{"start":{},"end":{}}],"line":71},"4":{"loc":{"start":{"line":75,"column":4},"end":{"line":75,"column":13}},"type":"default-arg","locations":[{"start":{"line":75,"column":9},"end":{"line":75,"column":13}}],"line":75},"5":{"loc":{"start":{"line":76,"column":4},"end":{"line":76,"column":19}},"type":"default-arg","locations":[{"start":{"line":76,"column":15},"end":{"line":76,"column":19}}],"line":76},"6":{"loc":{"start":{"line":77,"column":4},"end":{"line":77,"column":17}},"type":"default-arg","locations":[{"start":{"line":77,"column":13},"end":{"line":77,"column":17}}],"line":77},"7":{"loc":{"start":{"line":78,"column":4},"end":{"line":78,"column":15}},"type":"default-arg","locations":[{"start":{"line":78,"column":11},"end":{"line":78,"column":15}}],"line":78},"8":{"loc":{"start":{"line":79,"column":4},"end":{"line":79,"column":17}},"type":"default-arg","locations":[{"start":{"line":79,"column":13},"end":{"line":79,"column":17}}],"line":79},"9":{"loc":{"start":{"line":80,"column":4},"end":{"line":80,"column":16}},"type":"default-arg","locations":[{"start":{"line":80,"column":12},"end":{"line":80,"column":16}}],"line":80},"10":{"loc":{"start":{"line":81,"column":4},"end":{"line":81,"column":18}},"type":"default-arg","locations":[{"start":{"line":81,"column":14},"end":{"line":81,"column":18}}],"line":81},"11":{"loc":{"start":{"line":82,"column":4},"end":{"line":82,"column":17}},"type":"default-arg","locations":[{"start":{"line":82,"column":13},"end":{"line":82,"column":17}}],"line":82},"12":{"loc":{"start":{"line":83,"column":4},"end":{"line":83,"column":19}},"type":"default-arg","locations":[{"start":{"line":83,"column":15},"end":{"line":83,"column":19}}],"line":83},"13":{"loc":{"start":{"line":84,"column":4},"end":{"line":84,"column":15}},"type":"default-arg","locations":[{"start":{"line":84,"column":11},"end":{"line":84,"column":15}}],"line":84},"14":{"loc":{"start":{"line":85,"column":4},"end":{"line":85,"column":20}},"type":"default-arg","locations":[{"start":{"line":85,"column":16},"end":{"line":85,"column":20}}],"line":85},"15":{"loc":{"start":{"line":101,"column":4},"end":{"line":101,"column":15}},"type":"default-arg","locations":[{"start":{"line":101,"column":11},"end":{"line":101,"column":15}}],"line":101},"16":{"loc":{"start":{"line":102,"column":4},"end":{"line":102,"column":13}},"type":"default-arg","locations":[{"start":{"line":102,"column":9},"end":{"line":102,"column":13}}],"line":102},"17":{"loc":{"start":{"line":103,"column":4},"end":{"line":103,"column":19}},"type":"default-arg","locations":[{"start":{"line":103,"column":15},"end":{"line":103,"column":19}}],"line":103},"18":{"loc":{"start":{"line":104,"column":4},"end":{"line":104,"column":17}},"type":"default-arg","locations":[{"start":{"line":104,"column":13},"end":{"line":104,"column":17}}],"line":104},"19":{"loc":{"start":{"line":105,"column":4},"end":{"line":105,"column":16}},"type":"default-arg","locations":[{"start":{"line":105,"column":12},"end":{"line":105,"column":16}}],"line":105},"20":{"loc":{"start":{"line":106,"column":4},"end":{"line":106,"column":18}},"type":"default-arg","locations":[{"start":{"line":106,"column":14},"end":{"line":106,"column":18}}],"line":106},"21":{"loc":{"start":{"line":107,"column":4},"end":{"line":107,"column":17}},"type":"default-arg","locations":[{"start":{"line":107,"column":13},"end":{"line":107,"column":17}}],"line":107},"22":{"loc":{"start":{"line":108,"column":4},"end":{"line":108,"column":19}},"type":"default-arg","locations":[{"start":{"line":108,"column":15},"end":{"line":108,"column":19}}],"line":108},"23":{"loc":{"start":{"line":109,"column":4},"end":{"line":109,"column":20}},"type":"default-arg","locations":[{"start":{"line":109,"column":16},"end":{"line":109,"column":20}}],"line":109},"24":{"loc":{"start":{"line":110,"column":4},"end":{"line":110,"column":17}},"type":"default-arg","locations":[{"start":{"line":110,"column":13},"end":{"line":110,"column":17}}],"line":110},"25":{"loc":{"start":{"line":111,"column":4},"end":{"line":111,"column":14}},"type":"default-arg","locations":[{"start":{"line":111,"column":10},"end":{"line":111,"column":14}}],"line":111},"26":{"loc":{"start":{"line":112,"column":4},"end":{"line":112,"column":14}},"type":"default-arg","locations":[{"start":{"line":112,"column":10},"end":{"line":112,"column":14}}],"line":112},"27":{"loc":{"start":{"line":113,"column":4},"end":{"line":113,"column":14}},"type":"default-arg","locations":[{"start":{"line":113,"column":10},"end":{"line":113,"column":14}}],"line":113},"28":{"loc":{"start":{"line":114,"column":4},"end":{"line":114,"column":14}},"type":"default-arg","locations":[{"start":{"line":114,"column":10},"end":{"line":114,"column":14}}],"line":114},"29":{"loc":{"start":{"line":115,"column":4},"end":{"line":115,"column":16}},"type":"default-arg","locations":[{"start":{"line":115,"column":12},"end":{"line":115,"column":16}}],"line":115},"30":{"loc":{"start":{"line":116,"column":4},"end":{"line":116,"column":15}},"type":"default-arg","locations":[{"start":{"line":116,"column":11},"end":{"line":116,"column":15}}],"line":116},"31":{"loc":{"start":{"line":117,"column":4},"end":{"line":117,"column":20}},"type":"default-arg","locations":[{"start":{"line":117,"column":16},"end":{"line":117,"column":20}}],"line":117},"32":{"loc":{"start":{"line":140,"column":6},"end":{"line":142,"column":7}},"type":"if","locations":[{"start":{"line":140,"column":6},"end":{"line":142,"column":7}},{"start":{},"end":{}}],"line":140}},"s":{"0":252,"1":252,"2":252,"3":252,"4":252,"5":252,"6":252,"7":252,"8":252,"9":252,"10":252,"11":252,"12":252,"13":252,"14":252,"15":252,"16":252,"17":252,"18":252,"19":252,"20":150,"21":252,"22":102,"23":150,"24":150,"25":150,"26":150,"27":150,"28":150,"29":150,"30":150,"31":150,"32":150,"33":150,"34":102,"35":102,"36":102,"37":102,"38":102,"39":102,"40":102,"41":102,"42":102,"43":102,"44":102,"45":102,"46":102,"47":102,"48":102,"49":102,"50":102,"51":252,"52":4434,"53":1410,"54":4434},"f":{"0":252,"1":252,"2":4434},"b":{"0":[252,150],"1":[252,102],"2":[150,102],"3":[102,150],"4":[0],"5":[0],"6":[0],"7":[0],"8":[150],"9":[0],"10":[150],"11":[150],"12":[0],"13":[150],"14":[150],"15":[0],"16":[0],"17":[0],"18":[102],"19":[0],"20":[102],"21":[102],"22":[0],"23":[102],"24":[102],"25":[102],"26":[102],"27":[102],"28":[102],"29":[102],"30":[102],"31":[102],"32":[1410,3024]},"_coverageSchema":"1a1c01bbd47fc00a2c39e90264f33305004495a9","hash":"3eb50206fc7cbd60b090db9fbcfef0836601b204"}
}
