{"C:\\kkn_folder\\project\\yegan\\try\\try7\\backend\\src\\models\\SpaceBalancer.js": {"path":"C:\\kkn_folder\\project\\yegan\\try\\try7\\backend\\src\\models\\SpaceBalancer.js","statementMap":{"0":{"start":{"line":7,"column":11},"end":{"line":7,"column":12}},"1":{"start":{"line":8,"column":12},"end":{"line":8,"column":21}},"2":{"start":{"line":15,"column":4},"end":{"line":15,"column":24}},"3":{"start":{"line":23,"column":4},"end":{"line":25,"column":5}},"4":{"start":{"line":24,"column":6},"end":{"line":24,"column":55}},"5":{"start":{"line":34,"column":4},"end":{"line":36,"column":5}},"6":{"start":{"line":35,"column":6},"end":{"line":35,"column":62}},"7":{"start":{"line":45,"column":4},"end":{"line":45,"column":36}},"8":{"start":{"line":54,"column":4},"end":{"line":54,"column":30}},"9":{"start":{"line":55,"column":4},"end":{"line":55,"column":49}},"10":{"start":{"line":65,"column":4},"end":{"line":65,"column":41}},"11":{"start":{"line":66,"column":4},"end":{"line":66,"column":56}},"12":{"start":{"line":77,"column":4},"end":{"line":77,"column":68}},"13":{"start":{"line":87,"column":20},"end":{"line":87,"column":24}},"14":{"start":{"line":89,"column":22},"end":{"line":89,"column":60}},"15":{"start":{"line":90,"column":4},"end":{"line":104,"column":5}},"16":{"start":{"line":92,"column":6},"end":{"line":92,"column":49}},"17":{"start":{"line":93,"column":6},"end":{"line":93,"column":35}},"18":{"start":{"line":96,"column":6},"end":{"line":98,"column":9}},"19":{"start":{"line":100,"column":6},"end":{"line":103,"column":8}},"20":{"start":{"line":106,"column":4},"end":{"line":106,"column":21}},"21":{"start":{"line":114,"column":4},"end":{"line":117,"column":6}},"22":{"start":{"line":126,"column":19},"end":{"line":126,"column":42}},"23":{"start":{"line":127,"column":25},"end":{"line":127,"column":52}},"24":{"start":{"line":128,"column":22},"end":{"line":130,"column":5}},"25":{"start":{"line":129,"column":19},"end":{"line":129,"column":45}},"26":{"start":{"line":131,"column":4},"end":{"line":139,"column":5}},"27":{"start":{"line":132,"column":6},"end":{"line":132,"column":15}},"28":{"start":{"line":134,"column":6},"end":{"line":138,"column":7}},"29":{"start":{"line":135,"column":8},"end":{"line":135,"column":29}},"30":{"start":{"line":137,"column":8},"end":{"line":137,"column":31}},"31":{"start":{"line":149,"column":4},"end":{"line":149,"column":64}},"32":{"start":{"line":150,"column":4},"end":{"line":152,"column":5}},"33":{"start":{"line":151,"column":6},"end":{"line":151,"column":54}},"34":{"start":{"line":153,"column":4},"end":{"line":155,"column":5}},"35":{"start":{"line":154,"column":6},"end":{"line":154,"column":47}},"36":{"start":{"line":164,"column":4},"end":{"line":164,"column":52}},"37":{"start":{"line":165,"column":4},"end":{"line":167,"column":5}},"38":{"start":{"line":166,"column":6},"end":{"line":166,"column":47}},"39":{"start":{"line":176,"column":23},"end":{"line":176,"column":52}},"40":{"start":{"line":177,"column":4},"end":{"line":183,"column":5}},"41":{"start":{"line":178,"column":6},"end":{"line":182,"column":7}},"42":{"start":{"line":179,"column":8},"end":{"line":181,"column":9}},"43":{"start":{"line":180,"column":10},"end":{"line":180,"column":47}},"44":{"start":{"line":185,"column":4},"end":{"line":185,"column":21}},"45":{"start":{"line":193,"column":4},"end":{"line":193,"column":36}},"46":{"start":{"line":202,"column":4},"end":{"line":202,"column":47}},"47":{"start":{"line":209,"column":4},"end":{"line":209,"column":25}},"48":{"start":{"line":217,"column":4},"end":{"line":217,"column":51}},"49":{"start":{"line":226,"column":4},"end":{"line":226,"column":40}},"50":{"start":{"line":234,"column":4},"end":{"line":234,"column":29}},"51":{"start":{"line":243,"column":4},"end":{"line":246,"column":6}},"52":{"start":{"line":244,"column":21},"end":{"line":244,"column":36}},"53":{"start":{"line":258,"column":4},"end":{"line":261,"column":13}},"54":{"start":{"line":260,"column":18},"end":{"line":260,"column":38}},"55":{"start":{"line":270,"column":4},"end":{"line":270,"column":43}},"56":{"start":{"line":278,"column":26},"end":{"line":278,"column":27}},"57":{"start":{"line":279,"column":4},"end":{"line":279,"column":54}},"58":{"start":{"line":280,"column":4},"end":{"line":280,"column":54}},"59":{"start":{"line":281,"column":4},"end":{"line":281,"column":54}},"60":{"start":{"line":282,"column":4},"end":{"line":282,"column":54}},"61":{"start":{"line":283,"column":4},"end":{"line":283,"column":54}},"62":{"start":{"line":284,"column":4},"end":{"line":284,"column":27}},"63":{"start":{"line":294,"column":4},"end":{"line":297,"column":6}},"64":{"start":{"line":296,"column":18},"end":{"line":296,"column":42}},"65":{"start":{"line":307,"column":15},"end":{"line":307,"column":17}},"66":{"start":{"line":308,"column":4},"end":{"line":312,"column":5}},"67":{"start":{"line":309,"column":6},"end":{"line":311,"column":7}},"68":{"start":{"line":310,"column":8},"end":{"line":310,"column":29}},"69":{"start":{"line":313,"column":4},"end":{"line":313,"column":16}}},"fnMap":{"0":{"name":"(anonymous_0)","decl":{"start":{"line":14,"column":2},"end":{"line":14,"column":3}},"loc":{"start":{"line":14,"column":21},"end":{"line":16,"column":3}},"line":14},"1":{"name":"(anonymous_1)","decl":{"start":{"line":53,"column":2},"end":{"line":53,"column":3}},"loc":{"start":{"line":53,"column":21},"end":{"line":56,"column":3}},"line":53},"2":{"name":"(anonymous_2)","decl":{"start":{"line":64,"column":2},"end":{"line":64,"column":3}},"loc":{"start":{"line":64,"column":32},"end":{"line":67,"column":3}},"line":64},"3":{"name":"(anonymous_3)","decl":{"start":{"line":76,"column":2},"end":{"line":76,"column":3}},"loc":{"start":{"line":76,"column":39},"end":{"line":78,"column":3}},"line":76},"4":{"name":"(anonymous_4)","decl":{"start":{"line":85,"column":2},"end":{"line":85,"column":3}},"loc":{"start":{"line":85,"column":12},"end":{"line":107,"column":3}},"line":85},"5":{"name":"(anonymous_5)","decl":{"start":{"line":113,"column":2},"end":{"line":113,"column":3}},"loc":{"start":{"line":113,"column":21},"end":{"line":118,"column":3}},"line":113},"6":{"name":"(anonymous_6)","decl":{"start":{"line":125,"column":2},"end":{"line":125,"column":3}},"loc":{"start":{"line":125,"column":25},"end":{"line":140,"column":3}},"line":125},"7":{"name":"(anonymous_7)","decl":{"start":{"line":129,"column":6},"end":{"line":129,"column":7}},"loc":{"start":{"line":129,"column":19},"end":{"line":129,"column":45}},"line":129},"8":{"name":"(anonymous_8)","decl":{"start":{"line":148,"column":2},"end":{"line":148,"column":3}},"loc":{"start":{"line":148,"column":39},"end":{"line":156,"column":3}},"line":148},"9":{"name":"(anonymous_9)","decl":{"start":{"line":163,"column":2},"end":{"line":163,"column":3}},"loc":{"start":{"line":163,"column":32},"end":{"line":168,"column":3}},"line":163},"10":{"name":"(anonymous_10)","decl":{"start":{"line":175,"column":2},"end":{"line":175,"column":3}},"loc":{"start":{"line":175,"column":31},"end":{"line":186,"column":3}},"line":175},"11":{"name":"(anonymous_11)","decl":{"start":{"line":192,"column":2},"end":{"line":192,"column":3}},"loc":{"start":{"line":192,"column":20},"end":{"line":194,"column":3}},"line":192},"12":{"name":"(anonymous_12)","decl":{"start":{"line":201,"column":2},"end":{"line":201,"column":3}},"loc":{"start":{"line":201,"column":31},"end":{"line":203,"column":3}},"line":201},"13":{"name":"(anonymous_13)","decl":{"start":{"line":208,"column":2},"end":{"line":208,"column":3}},"loc":{"start":{"line":208,"column":13},"end":{"line":210,"column":3}},"line":208},"14":{"name":"(anonymous_14)","decl":{"start":{"line":216,"column":2},"end":{"line":216,"column":3}},"loc":{"start":{"line":216,"column":28},"end":{"line":218,"column":3}},"line":216},"15":{"name":"(anonymous_15)","decl":{"start":{"line":225,"column":2},"end":{"line":225,"column":3}},"loc":{"start":{"line":225,"column":22},"end":{"line":227,"column":3}},"line":225},"16":{"name":"(anonymous_16)","decl":{"start":{"line":233,"column":2},"end":{"line":233,"column":3}},"loc":{"start":{"line":233,"column":15},"end":{"line":235,"column":3}},"line":233},"17":{"name":"(anonymous_17)","decl":{"start":{"line":242,"column":2},"end":{"line":242,"column":3}},"loc":{"start":{"line":242,"column":27},"end":{"line":247,"column":3}},"line":242},"18":{"name":"(anonymous_18)","decl":{"start":{"line":244,"column":6},"end":{"line":244,"column":7}},"loc":{"start":{"line":244,"column":21},"end":{"line":244,"column":36}},"line":244},"19":{"name":"(anonymous_19)","decl":{"start":{"line":256,"column":2},"end":{"line":256,"column":3}},"loc":{"start":{"line":256,"column":45},"end":{"line":262,"column":3}},"line":256},"20":{"name":"(anonymous_20)","decl":{"start":{"line":260,"column":6},"end":{"line":260,"column":7}},"loc":{"start":{"line":260,"column":18},"end":{"line":260,"column":38}},"line":260},"21":{"name":"(anonymous_21)","decl":{"start":{"line":269,"column":2},"end":{"line":269,"column":3}},"loc":{"start":{"line":269,"column":33},"end":{"line":271,"column":3}},"line":269},"22":{"name":"(anonymous_22)","decl":{"start":{"line":277,"column":2},"end":{"line":277,"column":3}},"loc":{"start":{"line":277,"column":26},"end":{"line":285,"column":3}},"line":277},"23":{"name":"(anonymous_23)","decl":{"start":{"line":293,"column":2},"end":{"line":293,"column":3}},"loc":{"start":{"line":293,"column":21},"end":{"line":298,"column":3}},"line":293},"24":{"name":"(anonymous_24)","decl":{"start":{"line":296,"column":6},"end":{"line":296,"column":7}},"loc":{"start":{"line":296,"column":18},"end":{"line":296,"column":42}},"line":296},"25":{"name":"(anonymous_25)","decl":{"start":{"line":306,"column":2},"end":{"line":306,"column":3}},"loc":{"start":{"line":306,"column":28},"end":{"line":314,"column":3}},"line":306}},"branchMap":{"0":{"loc":{"start":{"line":23,"column":4},"end":{"line":25,"column":5}},"type":"if","locations":[{"start":{"line":23,"column":4},"end":{"line":25,"column":5}},{"start":{},"end":{}}],"line":23},"1":{"loc":{"start":{"line":34,"column":4},"end":{"line":36,"column":5}},"type":"if","locations":[{"start":{"line":34,"column":4},"end":{"line":36,"column":5}},{"start":{},"end":{}}],"line":34},"2":{"loc":{"start":{"line":90,"column":4},"end":{"line":104,"column":5}},"type":"if","locations":[{"start":{"line":90,"column":4},"end":{"line":104,"column":5}},{"start":{"line":94,"column":11},"end":{"line":104,"column":5}}],"line":90},"3":{"loc":{"start":{"line":131,"column":4},"end":{"line":139,"column":5}},"type":"if","locations":[{"start":{"line":131,"column":4},"end":{"line":139,"column":5}},{"start":{"line":133,"column":11},"end":{"line":139,"column":5}}],"line":131},"4":{"loc":{"start":{"line":134,"column":6},"end":{"line":138,"column":7}},"type":"if","locations":[{"start":{"line":134,"column":6},"end":{"line":138,"column":7}},{"start":{"line":136,"column":13},"end":{"line":138,"column":7}}],"line":134},"5":{"loc":{"start":{"line":150,"column":4},"end":{"line":152,"column":5}},"type":"if","locations":[{"start":{"line":150,"column":4},"end":{"line":152,"column":5}},{"start":{},"end":{}}],"line":150},"6":{"loc":{"start":{"line":153,"column":4},"end":{"line":155,"column":5}},"type":"if","locations":[{"start":{"line":153,"column":4},"end":{"line":155,"column":5}},{"start":{},"end":{}}],"line":153},"7":{"loc":{"start":{"line":165,"column":4},"end":{"line":167,"column":5}},"type":"if","locations":[{"start":{"line":165,"column":4},"end":{"line":167,"column":5}},{"start":{},"end":{}}],"line":165},"8":{"loc":{"start":{"line":179,"column":8},"end":{"line":181,"column":9}},"type":"if","locations":[{"start":{"line":179,"column":8},"end":{"line":181,"column":9}},{"start":{},"end":{}}],"line":179},"9":{"loc":{"start":{"line":309,"column":6},"end":{"line":311,"column":7}},"type":"if","locations":[{"start":{"line":309,"column":6},"end":{"line":311,"column":7}},{"start":{},"end":{}}],"line":309}},"s":{"0":1,"1":1,"2":1,"3":732,"4":5,"5":260,"6":6,"7":503,"8":732,"9":732,"10":260,"11":260,"12":0,"13":253,"14":253,"15":253,"16":50,"17":50,"18":203,"19":203,"20":253,"21":50,"22":203,"23":203,"24":203,"25":198,"26":203,"27":5,"28":198,"29":197,"30":1,"31":2,"32":2,"33":0,"34":2,"35":0,"36":0,"37":0,"38":0,"39":254,"40":254,"41":249,"42":249,"43":51,"44":203,"45":0,"46":0,"47":5,"48":5,"49":3,"50":0,"51":0,"52":0,"53":0,"54":0,"55":0,"56":0,"57":0,"58":0,"59":0,"60":0,"61":0,"62":0,"63":0,"64":0,"65":0,"66":0,"67":0,"68":0,"69":0},"f":{"0":1,"1":732,"2":260,"3":0,"4":253,"5":50,"6":203,"7":198,"8":2,"9":0,"10":254,"11":0,"12":0,"13":5,"14":5,"15":3,"16":0,"17":0,"18":0,"19":0,"20":0,"21":0,"22":0,"23":0,"24":0,"25":0},"b":{"0":[5,727],"1":[6,254],"2":[50,203],"3":[5,198],"4":[197,1],"5":[0,2],"6":[0,2],"7":[0,0],"8":[51,198],"9":[0,0]},"_coverageSchema":"1a1c01bbd47fc00a2c39e90264f33305004495a9","hash":"efb11be104ca1b6feaddbb7617ef586b76ecdf71"}
,"C:\\kkn_folder\\project\\yegan\\try\\try7\\backend\\src\\models\\User.js": {"path":"C:\\kkn_folder\\project\\yegan\\try\\try7\\backend\\src\\models\\User.js","statementMap":{"0":{"start":{"line":26,"column":9},"end":{"line":26,"column":13}},"1":{"start":{"line":27,"column":14},"end":{"line":27,"column":18}},"2":{"start":{"line":28,"column":13},"end":{"line":28,"column":17}},"3":{"start":{"line":29,"column":11},"end":{"line":29,"column":15}},"4":{"start":{"line":30,"column":10},"end":{"line":30,"column":14}},"5":{"start":{"line":31,"column":12},"end":{"line":31,"column":16}},"6":{"start":{"line":32,"column":11},"end":{"line":32,"column":15}},"7":{"start":{"line":33,"column":9},"end":{"line":33,"column":13}},"8":{"start":{"line":34,"column":7},"end":{"line":34,"column":11}},"9":{"start":{"line":35,"column":13},"end":{"line":35,"column":17}},"10":{"start":{"line":36,"column":14},"end":{"line":36,"column":18}},"11":{"start":{"line":37,"column":11},"end":{"line":37,"column":15}},"12":{"start":{"line":38,"column":8},"end":{"line":38,"column":12}},"13":{"start":{"line":39,"column":8},"end":{"line":39,"column":12}},"14":{"start":{"line":40,"column":8},"end":{"line":40,"column":12}},"15":{"start":{"line":41,"column":8},"end":{"line":41,"column":12}},"16":{"start":{"line":42,"column":10},"end":{"line":42,"column":14}},"17":{"start":{"line":67,"column":21},"end":{"line":67,"column":55}},"18":{"start":{"line":68,"column":21},"end":{"line":68,"column":55}},"19":{"start":{"line":70,"column":4},"end":{"line":70,"column":47}},"20":{"start":{"line":70,"column":18},"end":{"line":70,"column":47}},"21":{"start":{"line":71,"column":4},"end":{"line":71,"column":47}},"22":{"start":{"line":71,"column":18},"end":{"line":71,"column":47}},"23":{"start":{"line":87,"column":4},"end":{"line":87,"column":17}},"24":{"start":{"line":88,"column":4},"end":{"line":88,"column":29}},"25":{"start":{"line":89,"column":4},"end":{"line":89,"column":25}},"26":{"start":{"line":90,"column":4},"end":{"line":90,"column":21}},"27":{"start":{"line":91,"column":4},"end":{"line":91,"column":25}},"28":{"start":{"line":92,"column":4},"end":{"line":92,"column":23}},"29":{"start":{"line":93,"column":4},"end":{"line":93,"column":27}},"30":{"start":{"line":94,"column":4},"end":{"line":94,"column":25}},"31":{"start":{"line":95,"column":4},"end":{"line":95,"column":29}},"32":{"start":{"line":96,"column":4},"end":{"line":96,"column":21}},"33":{"start":{"line":97,"column":4},"end":{"line":97,"column":31}},"34":{"start":{"line":119,"column":4},"end":{"line":119,"column":21}},"35":{"start":{"line":120,"column":4},"end":{"line":120,"column":17}},"36":{"start":{"line":121,"column":4},"end":{"line":121,"column":29}},"37":{"start":{"line":122,"column":4},"end":{"line":122,"column":25}},"38":{"start":{"line":123,"column":4},"end":{"line":123,"column":23}},"39":{"start":{"line":124,"column":4},"end":{"line":124,"column":27}},"40":{"start":{"line":125,"column":4},"end":{"line":125,"column":25}},"41":{"start":{"line":126,"column":4},"end":{"line":126,"column":29}},"42":{"start":{"line":127,"column":4},"end":{"line":127,"column":31}},"43":{"start":{"line":128,"column":4},"end":{"line":128,"column":25}},"44":{"start":{"line":129,"column":4},"end":{"line":129,"column":19}},"45":{"start":{"line":130,"column":4},"end":{"line":130,"column":19}},"46":{"start":{"line":131,"column":4},"end":{"line":131,"column":19}},"47":{"start":{"line":132,"column":4},"end":{"line":132,"column":19}},"48":{"start":{"line":133,"column":4},"end":{"line":133,"column":23}},"49":{"start":{"line":134,"column":4},"end":{"line":134,"column":21}},"50":{"start":{"line":135,"column":4},"end":{"line":135,"column":31}},"51":{"start":{"line":139,"column":4},"end":{"line":144,"column":11}},"52":{"start":{"line":140,"column":6},"end":{"line":142,"column":7}},"53":{"start":{"line":141,"column":8},"end":{"line":141,"column":25}},"54":{"start":{"line":143,"column":6},"end":{"line":143,"column":17}}},"fnMap":{"0":{"name":"(anonymous_0)","decl":{"start":{"line":66,"column":2},"end":{"line":66,"column":3}},"loc":{"start":{"line":66,"column":20},"end":{"line":72,"column":3}},"line":66},"1":{"name":"(anonymous_1)","decl":{"start":{"line":138,"column":2},"end":{"line":138,"column":3}},"loc":{"start":{"line":138,"column":11},"end":{"line":145,"column":3}},"line":138},"2":{"name":"(anonymous_2)","decl":{"start":{"line":139,"column":39},"end":{"line":139,"column":40}},"loc":{"start":{"line":139,"column":62},"end":{"line":144,"column":5}},"line":139}},"branchMap":{"0":{"loc":{"start":{"line":67,"column":21},"end":{"line":67,"column":55}},"type":"binary-expr","locations":[{"start":{"line":67,"column":21},"end":{"line":67,"column":43}},{"start":{"line":67,"column":47},"end":{"line":67,"column":55}}],"line":67},"1":{"loc":{"start":{"line":68,"column":21},"end":{"line":68,"column":55}},"type":"binary-expr","locations":[{"start":{"line":68,"column":21},"end":{"line":68,"column":43}},{"start":{"line":68,"column":47},"end":{"line":68,"column":55}}],"line":68},"2":{"loc":{"start":{"line":70,"column":4},"end":{"line":70,"column":47}},"type":"if","locations":[{"start":{"line":70,"column":4},"end":{"line":70,"column":47}},{"start":{},"end":{}}],"line":70},"3":{"loc":{"start":{"line":71,"column":4},"end":{"line":71,"column":47}},"type":"if","locations":[{"start":{"line":71,"column":4},"end":{"line":71,"column":47}},{"start":{},"end":{}}],"line":71},"4":{"loc":{"start":{"line":75,"column":4},"end":{"line":75,"column":13}},"type":"default-arg","locations":[{"start":{"line":75,"column":9},"end":{"line":75,"column":13}}],"line":75},"5":{"loc":{"start":{"line":76,"column":4},"end":{"line":76,"column":19}},"type":"default-arg","locations":[{"start":{"line":76,"column":15},"end":{"line":76,"column":19}}],"line":76},"6":{"loc":{"start":{"line":77,"column":4},"end":{"line":77,"column":17}},"type":"default-arg","locations":[{"start":{"line":77,"column":13},"end":{"line":77,"column":17}}],"line":77},"7":{"loc":{"start":{"line":78,"column":4},"end":{"line":78,"column":15}},"type":"default-arg","locations":[{"start":{"line":78,"column":11},"end":{"line":78,"column":15}}],"line":78},"8":{"loc":{"start":{"line":79,"column":4},"end":{"line":79,"column":17}},"type":"default-arg","locations":[{"start":{"line":79,"column":13},"end":{"line":79,"column":17}}],"line":79},"9":{"loc":{"start":{"line":80,"column":4},"end":{"line":80,"column":16}},"type":"default-arg","locations":[{"start":{"line":80,"column":12},"end":{"line":80,"column":16}}],"line":80},"10":{"loc":{"start":{"line":81,"column":4},"end":{"line":81,"column":18}},"type":"default-arg","locations":[{"start":{"line":81,"column":14},"end":{"line":81,"column":18}}],"line":81},"11":{"loc":{"start":{"line":82,"column":4},"end":{"line":82,"column":17}},"type":"default-arg","locations":[{"start":{"line":82,"column":13},"end":{"line":82,"column":17}}],"line":82},"12":{"loc":{"start":{"line":83,"column":4},"end":{"line":83,"column":19}},"type":"default-arg","locations":[{"start":{"line":83,"column":15},"end":{"line":83,"column":19}}],"line":83},"13":{"loc":{"start":{"line":84,"column":4},"end":{"line":84,"column":15}},"type":"default-arg","locations":[{"start":{"line":84,"column":11},"end":{"line":84,"column":15}}],"line":84},"14":{"loc":{"start":{"line":85,"column":4},"end":{"line":85,"column":20}},"type":"default-arg","locations":[{"start":{"line":85,"column":16},"end":{"line":85,"column":20}}],"line":85},"15":{"loc":{"start":{"line":101,"column":4},"end":{"line":101,"column":15}},"type":"default-arg","locations":[{"start":{"line":101,"column":11},"end":{"line":101,"column":15}}],"line":101},"16":{"loc":{"start":{"line":102,"column":4},"end":{"line":102,"column":13}},"type":"default-arg","locations":[{"start":{"line":102,"column":9},"end":{"line":102,"column":13}}],"line":102},"17":{"loc":{"start":{"line":103,"column":4},"end":{"line":103,"column":19}},"type":"default-arg","locations":[{"start":{"line":103,"column":15},"end":{"line":103,"column":19}}],"line":103},"18":{"loc":{"start":{"line":104,"column":4},"end":{"line":104,"column":17}},"type":"default-arg","locations":[{"start":{"line":104,"column":13},"end":{"line":104,"column":17}}],"line":104},"19":{"loc":{"start":{"line":105,"column":4},"end":{"line":105,"column":16}},"type":"default-arg","locations":[{"start":{"line":105,"column":12},"end":{"line":105,"column":16}}],"line":105},"20":{"loc":{"start":{"line":106,"column":4},"end":{"line":106,"column":18}},"type":"default-arg","locations":[{"start":{"line":106,"column":14},"end":{"line":106,"column":18}}],"line":106},"21":{"loc":{"start":{"line":107,"column":4},"end":{"line":107,"column":17}},"type":"default-arg","locations":[{"start":{"line":107,"column":13},"end":{"line":107,"column":17}}],"line":107},"22":{"loc":{"start":{"line":108,"column":4},"end":{"line":108,"column":19}},"type":"default-arg","locations":[{"start":{"line":108,"column":15},"end":{"line":108,"column":19}}],"line":108},"23":{"loc":{"start":{"line":109,"column":4},"end":{"line":109,"column":20}},"type":"default-arg","locations":[{"start":{"line":109,"column":16},"end":{"line":109,"column":20}}],"line":109},"24":{"loc":{"start":{"line":110,"column":4},"end":{"line":110,"column":17}},"type":"default-arg","locations":[{"start":{"line":110,"column":13},"end":{"line":110,"column":17}}],"line":110},"25":{"loc":{"start":{"line":111,"column":4},"end":{"line":111,"column":14}},"type":"default-arg","locations":[{"start":{"line":111,"column":10},"end":{"line":111,"column":14}}],"line":111},"26":{"loc":{"start":{"line":112,"column":4},"end":{"line":112,"column":14}},"type":"default-arg","locations":[{"start":{"line":112,"column":10},"end":{"line":112,"column":14}}],"line":112},"27":{"loc":{"start":{"line":113,"column":4},"end":{"line":113,"column":14}},"type":"default-arg","locations":[{"start":{"line":113,"column":10},"end":{"line":113,"column":14}}],"line":113},"28":{"loc":{"start":{"line":114,"column":4},"end":{"line":114,"column":14}},"type":"default-arg","locations":[{"start":{"line":114,"column":10},"end":{"line":114,"column":14}}],"line":114},"29":{"loc":{"start":{"line":115,"column":4},"end":{"line":115,"column":16}},"type":"default-arg","locations":[{"start":{"line":115,"column":12},"end":{"line":115,"column":16}}],"line":115},"30":{"loc":{"start":{"line":116,"column":4},"end":{"line":116,"column":15}},"type":"default-arg","locations":[{"start":{"line":116,"column":11},"end":{"line":116,"column":15}}],"line":116},"31":{"loc":{"start":{"line":117,"column":4},"end":{"line":117,"column":20}},"type":"default-arg","locations":[{"start":{"line":117,"column":16},"end":{"line":117,"column":20}}],"line":117},"32":{"loc":{"start":{"line":140,"column":6},"end":{"line":142,"column":7}},"type":"if","locations":[{"start":{"line":140,"column":6},"end":{"line":142,"column":7}},{"start":{},"end":{}}],"line":140}},"s":{"0":252,"1":252,"2":252,"3":252,"4":252,"5":252,"6":252,"7":252,"8":252,"9":252,"10":252,"11":252,"12":252,"13":252,"14":252,"15":252,"16":252,"17":252,"18":252,"19":252,"20":150,"21":252,"22":102,"23":150,"24":150,"25":150,"26":150,"27":150,"28":150,"29":150,"30":150,"31":150,"32":150,"33":150,"34":102,"35":102,"36":102,"37":102,"38":102,"39":102,"40":102,"41":102,"42":102,"43":102,"44":102,"45":102,"46":102,"47":102,"48":102,"49":102,"50":102,"51":252,"52":4434,"53":1410,"54":4434},"f":{"0":252,"1":252,"2":4434},"b":{"0":[252,150],"1":[252,102],"2":[150,102],"3":[102,150],"4":[0],"5":[0],"6":[0],"7":[0],"8":[150],"9":[0],"10":[150],"11":[150],"12":[0],"13":[150],"14":[150],"15":[0],"16":[0],"17":[0],"18":[102],"19":[0],"20":[102],"21":[102],"22":[0],"23":[102],"24":[102],"25":[102],"26":[102],"27":[102],"28":[102],"29":[102],"30":[102],"31":[102],"32":[1410,3024]},"_coverageSchema":"1a1c01bbd47fc00a2c39e90264f33305004495a9","hash":"3eb50206fc7cbd60b090db9fbcfef0836601b204"}
}
