TN:
SF:src\models\SpaceBalancer.js
FN:14,(anonymous_0)
FN:53,(anonymous_1)
FN:64,(anonymous_2)
FN:76,(anonymous_3)
FN:85,(anonymous_4)
FN:113,(anonymous_5)
FN:125,(anonymous_6)
FN:129,(anonymous_7)
FN:148,(anonymous_8)
FN:163,(anonymous_9)
FN:175,(anonymous_10)
FN:192,(anonymous_11)
FN:201,(anonymous_12)
FN:208,(anonymous_13)
FN:216,(anonymous_14)
FN:225,(anonymous_15)
FN:233,(anonymous_16)
FN:242,(anonymous_17)
FN:244,(anonymous_18)
FN:256,(anonymous_19)
FN:260,(anonymous_20)
FN:269,(anonymous_21)
FN:277,(anonymous_22)
FN:293,(anonymous_23)
FN:296,(anonymous_24)
FN:306,(anonymous_25)
FNF:26
FNH:12
FNDA:1,(anonymous_0)
FNDA:732,(anonymous_1)
FNDA:260,(anonymous_2)
FNDA:0,(anonymous_3)
FNDA:253,(anonymous_4)
FNDA:50,(anonymous_5)
FNDA:203,(anonymous_6)
FNDA:198,(anonymous_7)
FNDA:2,(anonymous_8)
FNDA:0,(anonymous_9)
FNDA:254,(anonymous_10)
FNDA:0,(anonymous_11)
FNDA:0,(anonymous_12)
FNDA:5,(anonymous_13)
FNDA:5,(anonymous_14)
FNDA:3,(anonymous_15)
FNDA:0,(anonymous_16)
FNDA:0,(anonymous_17)
FNDA:0,(anonymous_18)
FNDA:0,(anonymous_19)
FNDA:0,(anonymous_20)
FNDA:0,(anonymous_21)
FNDA:0,(anonymous_22)
FNDA:0,(anonymous_23)
FNDA:0,(anonymous_24)
FNDA:0,(anonymous_25)
DA:7,1
DA:8,1
DA:15,1
DA:23,732
DA:24,5
DA:34,260
DA:35,6
DA:45,503
DA:54,732
DA:55,732
DA:65,260
DA:66,260
DA:77,0
DA:87,253
DA:89,253
DA:90,253
DA:92,50
DA:93,50
DA:96,203
DA:100,203
DA:106,253
DA:114,50
DA:126,203
DA:127,203
DA:128,203
DA:129,198
DA:131,203
DA:132,5
DA:134,198
DA:135,197
DA:137,1
DA:149,2
DA:150,2
DA:151,0
DA:153,2
DA:154,0
DA:164,0
DA:165,0
DA:166,0
DA:176,254
DA:177,254
DA:178,249
DA:179,249
DA:180,51
DA:185,203
DA:193,0
DA:202,0
DA:209,5
DA:217,5
DA:226,3
DA:234,0
DA:243,0
DA:244,0
DA:258,0
DA:260,0
DA:270,0
DA:278,0
DA:279,0
DA:280,0
DA:281,0
DA:282,0
DA:283,0
DA:284,0
DA:294,0
DA:296,0
DA:307,0
DA:308,0
DA:309,0
DA:310,0
DA:313,0
LF:70
LH:42
BRDA:23,0,0,5
BRDA:23,0,1,727
BRDA:34,1,0,6
BRDA:34,1,1,254
BRDA:90,2,0,50
BRDA:90,2,1,203
BRDA:131,3,0,5
BRDA:131,3,1,198
BRDA:134,4,0,197
BRDA:134,4,1,1
BRDA:150,5,0,0
BRDA:150,5,1,2
BRDA:153,6,0,0
BRDA:153,6,1,2
BRDA:165,7,0,0
BRDA:165,7,1,0
BRDA:179,8,0,51
BRDA:179,8,1,198
BRDA:309,9,0,0
BRDA:309,9,1,0
BRF:20
BRH:14
end_of_record
TN:
SF:src\models\User.js
FN:66,(anonymous_0)
FN:138,(anonymous_1)
FN:139,(anonymous_2)
FNF:3
FNH:3
FNDA:252,(anonymous_0)
FNDA:252,(anonymous_1)
FNDA:4434,(anonymous_2)
DA:26,252
DA:27,252
DA:28,252
DA:29,252
DA:30,252
DA:31,252
DA:32,252
DA:33,252
DA:34,252
DA:35,252
DA:36,252
DA:37,252
DA:38,252
DA:39,252
DA:40,252
DA:41,252
DA:42,252
DA:67,252
DA:68,252
DA:70,252
DA:71,252
DA:87,150
DA:88,150
DA:89,150
DA:90,150
DA:91,150
DA:92,150
DA:93,150
DA:94,150
DA:95,150
DA:96,150
DA:97,150
DA:119,102
DA:120,102
DA:121,102
DA:122,102
DA:123,102
DA:124,102
DA:125,102
DA:126,102
DA:127,102
DA:128,102
DA:129,102
DA:130,102
DA:131,102
DA:132,102
DA:133,102
DA:134,102
DA:135,102
DA:139,252
DA:140,4434
DA:141,1410
DA:143,4434
LF:53
LH:53
BRDA:67,0,0,252
BRDA:67,0,1,150
BRDA:68,1,0,252
BRDA:68,1,1,102
BRDA:70,2,0,150
BRDA:70,2,1,102
BRDA:71,3,0,102
BRDA:71,3,1,150
BRDA:75,4,0,0
BRDA:76,5,0,0
BRDA:77,6,0,0
BRDA:78,7,0,0
BRDA:79,8,0,150
BRDA:80,9,0,0
BRDA:81,10,0,150
BRDA:82,11,0,150
BRDA:83,12,0,0
BRDA:84,13,0,150
BRDA:85,14,0,150
BRDA:101,15,0,0
BRDA:102,16,0,0
BRDA:103,17,0,0
BRDA:104,18,0,102
BRDA:105,19,0,0
BRDA:106,20,0,102
BRDA:107,21,0,102
BRDA:108,22,0,0
BRDA:109,23,0,102
BRDA:110,24,0,102
BRDA:111,25,0,102
BRDA:112,26,0,102
BRDA:113,27,0,102
BRDA:114,28,0,102
BRDA:115,29,0,102
BRDA:116,30,0,102
BRDA:117,31,0,102
BRDA:140,32,0,1410
BRDA:140,32,1,3024
BRF:38
BRH:27
end_of_record
