TN:
SF:src\models\DevConsole.js
FN:2,(anonymous_0)
FN:5,(anonymous_1)
FN:8,(anonymous_2)
FN:11,(anonymous_3)
FN:14,(anonymous_4)
FN:17,(anonymous_5)
FN:20,(anonymous_6)
FNF:7
FNH:0
FNDA:0,(anonymous_0)
FNDA:0,(anonymous_1)
FNDA:0,(anonymous_2)
FNDA:0,(anonymous_3)
FNDA:0,(anonymous_4)
FNDA:0,(anonymous_5)
FNDA:0,(anonymous_6)
DA:3,0
DA:6,0
DA:9,0
DA:12,0
DA:15,0
DA:18,0
DA:21,0
DA:25,1
LF:8
LH:1
BRDA:6,0,0,0
BRDA:6,0,1,0
BRDA:9,1,0,0
BRDA:9,1,1,0
BRDA:12,2,0,0
BRDA:12,2,1,0
BRDA:15,3,0,0
BRDA:15,3,1,0
BRF:8
BRH:0
end_of_record
TN:
SF:src\models\SpaceBalancer2.js
FN:7,(anonymous_0)
FN:27,(anonymous_1)
FN:32,(anonymous_2)
FN:37,(anonymous_3)
FN:42,(anonymous_4)
FN:64,(anonymous_5)
FN:71,(anonymous_6)
FN:75,(anonymous_7)
FN:88,(anonymous_8)
FN:98,(anonymous_9)
FN:105,(anonymous_10)
FN:118,(anonymous_11)
FN:122,(anonymous_12)
FN:126,(anonymous_13)
FN:133,(anonymous_14)
FN:137,(anonymous_15)
FN:141,(anonymous_16)
FN:150,(anonymous_17)
FN:152,(anonymous_18)
FN:164,(anonymous_19)
FN:168,(anonymous_20)
FN:177,(anonymous_21)
FN:187,(anonymous_22)
FN:190,(anonymous_23)
FN:200,(anonymous_24)
FNF:25
FNH:12
FNDA:1,(anonymous_0)
FNDA:732,(anonymous_1)
FNDA:260,(anonymous_2)
FNDA:0,(anonymous_3)
FNDA:253,(anonymous_4)
FNDA:50,(anonymous_5)
FNDA:203,(anonymous_6)
FNDA:198,(anonymous_7)
FNDA:2,(anonymous_8)
FNDA:0,(anonymous_9)
FNDA:254,(anonymous_10)
FNDA:0,(anonymous_11)
FNDA:0,(anonymous_12)
FNDA:5,(anonymous_13)
FNDA:5,(anonymous_14)
FNDA:3,(anonymous_15)
FNDA:0,(anonymous_16)
FNDA:0,(anonymous_17)
FNDA:0,(anonymous_18)
FNDA:0,(anonymous_19)
FNDA:0,(anonymous_20)
FNDA:0,(anonymous_21)
FNDA:0,(anonymous_22)
FNDA:0,(anonymous_23)
FNDA:0,(anonymous_24)
DA:4,1
DA:5,1
DA:8,1
DA:12,732
DA:13,5
DA:18,260
DA:19,6
DA:24,503
DA:28,732
DA:29,732
DA:33,260
DA:34,260
DA:38,0
DA:44,253
DA:46,253
DA:47,253
DA:49,50
DA:50,50
DA:53,203
DA:57,203
DA:65,50
DA:72,203
DA:73,203
DA:74,203
DA:75,198
DA:77,203
DA:78,5
DA:80,198
DA:81,197
DA:83,1
DA:89,2
DA:90,2
DA:91,0
DA:93,2
DA:94,0
DA:99,0
DA:100,0
DA:101,0
DA:106,254
DA:107,254
DA:108,249
DA:109,249
DA:110,51
DA:115,203
DA:119,0
DA:123,0
DA:127,5
DA:134,5
DA:138,3
DA:142,0
DA:151,0
DA:152,0
DA:166,0
DA:168,0
DA:178,0
DA:188,0
DA:190,0
DA:201,0
DA:202,0
DA:203,0
DA:204,0
DA:207,0
LF:62
LH:41
BRDA:12,0,0,5
BRDA:12,0,1,727
BRDA:18,1,0,6
BRDA:18,1,1,254
BRDA:47,2,0,50
BRDA:47,2,1,203
BRDA:77,3,0,5
BRDA:77,3,1,198
BRDA:80,4,0,197
BRDA:80,4,1,1
BRDA:90,5,0,0
BRDA:90,5,1,2
BRDA:93,6,0,0
BRDA:93,6,1,2
BRDA:100,7,0,0
BRDA:100,7,1,0
BRDA:109,8,0,51
BRDA:109,8,1,198
BRDA:203,9,0,0
BRDA:203,9,1,0
BRF:20
BRH:14
end_of_record
TN:
SF:src\models\User.js
FN:66,(anonymous_0)
FN:138,(anonymous_1)
FN:139,(anonymous_2)
FNF:3
FNH:3
FNDA:252,(anonymous_0)
FNDA:252,(anonymous_1)
FNDA:4434,(anonymous_2)
DA:26,252
DA:27,252
DA:28,252
DA:29,252
DA:30,252
DA:31,252
DA:32,252
DA:33,252
DA:34,252
DA:35,252
DA:36,252
DA:37,252
DA:38,252
DA:39,252
DA:40,252
DA:41,252
DA:42,252
DA:67,252
DA:68,252
DA:70,252
DA:71,252
DA:87,150
DA:88,150
DA:89,150
DA:90,150
DA:91,150
DA:92,150
DA:93,150
DA:94,150
DA:95,150
DA:96,150
DA:97,150
DA:119,102
DA:120,102
DA:121,102
DA:122,102
DA:123,102
DA:124,102
DA:125,102
DA:126,102
DA:127,102
DA:128,102
DA:129,102
DA:130,102
DA:131,102
DA:132,102
DA:133,102
DA:134,102
DA:135,102
DA:139,252
DA:140,4434
DA:141,1410
DA:143,4434
LF:53
LH:53
BRDA:67,0,0,252
BRDA:67,0,1,150
BRDA:68,1,0,252
BRDA:68,1,1,102
BRDA:70,2,0,150
BRDA:70,2,1,102
BRDA:71,3,0,102
BRDA:71,3,1,150
BRDA:75,4,0,0
BRDA:76,5,0,0
BRDA:77,6,0,0
BRDA:78,7,0,0
BRDA:79,8,0,150
BRDA:80,9,0,0
BRDA:81,10,0,150
BRDA:82,11,0,150
BRDA:83,12,0,0
BRDA:84,13,0,150
BRDA:85,14,0,150
BRDA:101,15,0,0
BRDA:102,16,0,0
BRDA:103,17,0,0
BRDA:104,18,0,102
BRDA:105,19,0,0
BRDA:106,20,0,102
BRDA:107,21,0,102
BRDA:108,22,0,0
BRDA:109,23,0,102
BRDA:110,24,0,102
BRDA:111,25,0,102
BRDA:112,26,0,102
BRDA:113,27,0,102
BRDA:114,28,0,102
BRDA:115,29,0,102
BRDA:116,30,0,102
BRDA:117,31,0,102
BRDA:140,32,0,1410
BRDA:140,32,1,3024
BRF:38
BRH:27
end_of_record
